{"/Users/hole/Code/chinese_chess/react-native/ChineseChessRN/.eslintrc.js": {"path":"/Users/hole/Code/chinese_chess/react-native/ChineseChessRN/.eslintrc.js","statementMap":{"0":{"start":{"line":1,"column":0},"end":{"line":29,"column":2}}},"fnMap":{},"branchMap":{},"s":{"0":0},"f":{},"b":{}}
,"/Users/hole/Code/chinese_chess/react-native/ChineseChessRN/.prettierrc.js": {"path":"/Users/hole/Code/chinese_chess/react-native/ChineseChessRN/.prettierrc.js","statementMap":{"0":{"start":{"line":1,"column":0},"end":{"line":11,"column":2}}},"fnMap":{},"branchMap":{},"s":{"0":0},"f":{},"b":{}}
,"/Users/hole/Code/chinese_chess/react-native/ChineseChessRN/App.tsx": {"path":"/Users/hole/Code/chinese_chess/react-native/ChineseChessRN/App.tsx","statementMap":{"0":{"start":{"line":32,"column":21},"end":{"line":32,"column":48}},"1":{"start":{"line":33,"column":2},"end":{"line":54,"column":4}},"2":{"start":{"line":58,"column":21},"end":{"line":58,"column":48}},"3":{"start":{"line":60,"column":26},"end":{"line":62,"column":3}},"4":{"start":{"line":73,"column":22},"end":{"line":73,"column":26}},"5":{"start":{"line":75,"column":2},"end":{"line":109,"column":4}},"6":{"start":{"line":112,"column":15},"end":{"line":129,"column":2}}},"fnMap":{"0":{"name":"Section","decl":{"start":{"line":31,"column":9},"end":{"line":31,"column":16}},"loc":{"start":{"line":31,"column":69},"end":{"line":55,"column":1}},"line":31},"1":{"name":"App","decl":{"start":{"line":57,"column":9},"end":{"line":57,"column":12}},"loc":{"start":{"line":57,"column":34},"end":{"line":110,"column":1}},"line":57}},"branchMap":{"0":{"loc":{"start":{"line":39,"column":19},"end":{"line":39,"column":59}},"type":"cond-expr","locations":[{"start":{"line":39,"column":32},"end":{"line":39,"column":44}},{"start":{"line":39,"column":47},"end":{"line":39,"column":59}}],"line":39},"1":{"loc":{"start":{"line":48,"column":19},"end":{"line":48,"column":58}},"type":"cond-expr","locations":[{"start":{"line":48,"column":32},"end":{"line":48,"column":44}},{"start":{"line":48,"column":47},"end":{"line":48,"column":58}}],"line":48},"2":{"loc":{"start":{"line":61,"column":21},"end":{"line":61,"column":64}},"type":"cond-expr","locations":[{"start":{"line":61,"column":34},"end":{"line":61,"column":47}},{"start":{"line":61,"column":50},"end":{"line":61,"column":64}}],"line":61},"3":{"loc":{"start":{"line":78,"column":18},"end":{"line":78,"column":63}},"type":"cond-expr","locations":[{"start":{"line":78,"column":31},"end":{"line":78,"column":46}},{"start":{"line":78,"column":49},"end":{"line":78,"column":63}}],"line":78},"4":{"loc":{"start":{"line":88,"column":29},"end":{"line":88,"column":69}},"type":"cond-expr","locations":[{"start":{"line":88,"column":42},"end":{"line":88,"column":54}},{"start":{"line":88,"column":57},"end":{"line":88,"column":69}}],"line":88}},"s":{"0":0,"1":0,"2":0,"3":0,"4":0,"5":0,"6":0},"f":{"0":0,"1":0},"b":{"0":[0,0],"1":[0,0],"2":[0,0],"3":[0,0],"4":[0,0]}}
,"/Users/hole/Code/chinese_chess/react-native/ChineseChessRN/index.js": {"path":"/Users/hole/Code/chinese_chess/react-native/ChineseChessRN/index.js","statementMap":{},"fnMap":{},"branchMap":{},"s":{},"f":{},"b":{}}
,"/Users/hole/Code/chinese_chess/react-native/ChineseChessRN/jest-junit.config.js": {"path":"/Users/hole/Code/chinese_chess/react-native/ChineseChessRN/jest-junit.config.js","statementMap":{"0":{"start":{"line":1,"column":0},"end":{"line":9,"column":2}}},"fnMap":{},"branchMap":{},"s":{"0":0},"f":{},"b":{}}
,"/Users/hole/Code/chinese_chess/react-native/ChineseChessRN/jest.config.js": {"path":"/Users/hole/Code/chinese_chess/react-native/ChineseChessRN/jest.config.js","statementMap":{"0":{"start":{"line":1,"column":0},"end":{"line":25,"column":2}}},"fnMap":{},"branchMap":{},"s":{"0":0},"f":{},"b":{}}
,"/Users/hole/Code/chinese_chess/react-native/ChineseChessRN/metro.config.js": {"path":"/Users/hole/Code/chinese_chess/react-native/ChineseChessRN/metro.config.js","statementMap":{"0":{"start":{"line":1,"column":40},"end":{"line":1,"column":77}},"1":{"start":{"line":9,"column":15},"end":{"line":9,"column":17}},"2":{"start":{"line":11,"column":0},"end":{"line":11,"column":66}}},"fnMap":{},"branchMap":{},"s":{"0":0,"1":0,"2":0},"f":{},"b":{}}
,"/Users/hole/Code/chinese_chess/react-native/ChineseChessRN/src/App.tsx": {"path":"/Users/hole/Code/chinese_chess/react-native/ChineseChessRN/src/App.tsx","statementMap":{"0":{"start":{"line":15,"column":0},"end":{"line":15,"column":16}},"1":{"start":{"line":21,"column":21},"end":{"line":21,"column":48}},"2":{"start":{"line":23,"column":2},"end":{"line":37,"column":4}}},"fnMap":{"0":{"name":"App","decl":{"start":{"line":20,"column":9},"end":{"line":20,"column":12}},"loc":{"start":{"line":20,"column":34},"end":{"line":38,"column":1}},"line":20}},"branchMap":{"0":{"loc":{"start":{"line":29,"column":24},"end":{"line":29,"column":69}},"type":"cond-expr","locations":[{"start":{"line":29,"column":37},"end":{"line":29,"column":52}},{"start":{"line":29,"column":55},"end":{"line":29,"column":69}}],"line":29},"1":{"loc":{"start":{"line":30,"column":31},"end":{"line":30,"column":74}},"type":"cond-expr","locations":[{"start":{"line":30,"column":44},"end":{"line":30,"column":57}},{"start":{"line":30,"column":60},"end":{"line":30,"column":74}}],"line":30}},"s":{"0":0,"1":0,"2":0},"f":{"0":0},"b":{"0":[0,0],"1":[0,0]}}
,"/Users/hole/Code/chinese_chess/react-native/ChineseChessRN/src/index.ts": {"path":"/Users/hole/Code/chinese_chess/react-native/ChineseChessRN/src/index.ts","statementMap":{"0":{"start":{"line":9,"column":0},"end":{"line":9,"column":50}},"1":{"start":{"line":9,"column":45},"end":{"line":9,"column":48}}},"fnMap":{"0":{"name":"(anonymous_0)","decl":{"start":{"line":9,"column":39},"end":{"line":9,"column":40}},"loc":{"start":{"line":9,"column":45},"end":{"line":9,"column":48}},"line":9}},"branchMap":{},"s":{"0":0,"1":0},"f":{"0":0},"b":{}}
,"/Users/hole/Code/chinese_chess/react-native/ChineseChessRN/src/components/index.ts": {"path":"/Users/hole/Code/chinese_chess/react-native/ChineseChessRN/src/components/index.ts","statementMap":{},"fnMap":{},"branchMap":{},"s":{},"f":{},"b":{}}
,"/Users/hole/Code/chinese_chess/react-native/ChineseChessRN/src/components/board/Board.tsx": {"path":"/Users/hole/Code/chinese_chess/react-native/ChineseChessRN/src/components/board/Board.tsx","statementMap":{"0":{"start":{"line":24,"column":36},"end":{"line":60,"column":1}},"1":{"start":{"line":30,"column":19},"end":{"line":30,"column":59}},"2":{"start":{"line":30,"column":43},"end":{"line":30,"column":58}},"3":{"start":{"line":33,"column":15},"end":{"line":33,"column":52}},"4":{"start":{"line":36,"column":16},"end":{"line":36,"column":43}},"5":{"start":{"line":39,"column":23},"end":{"line":39,"column":63}},"6":{"start":{"line":42,"column":21},"end":{"line":42,"column":59}},"7":{"start":{"line":44,"column":2},"end":{"line":59,"column":4}},"8":{"start":{"line":62,"column":15},"end":{"line":71,"column":2}}},"fnMap":{"0":{"name":"(anonymous_0)","decl":{"start":{"line":24,"column":36},"end":{"line":24,"column":37}},"loc":{"start":{"line":28,"column":6},"end":{"line":60,"column":1}},"line":28},"1":{"name":"(anonymous_1)","decl":{"start":{"line":30,"column":34},"end":{"line":30,"column":35}},"loc":{"start":{"line":30,"column":43},"end":{"line":30,"column":58}},"line":30}},"branchMap":{"0":{"loc":{"start":{"line":25,"column":2},"end":{"line":25,"column":29}},"type":"default-arg","locations":[{"start":{"line":25,"column":10},"end":{"line":25,"column":29}}],"line":25},"1":{"loc":{"start":{"line":26,"column":2},"end":{"line":26,"column":31}},"type":"default-arg","locations":[{"start":{"line":26,"column":11},"end":{"line":26,"column":31}}],"line":26},"2":{"loc":{"start":{"line":27,"column":2},"end":{"line":27,"column":17}},"type":"default-arg","locations":[{"start":{"line":27,"column":12},"end":{"line":27,"column":17}}],"line":27},"3":{"loc":{"start":{"line":33,"column":23},"end":{"line":33,"column":51}},"type":"binary-expr","locations":[{"start":{"line":33,"column":23},"end":{"line":33,"column":31}},{"start":{"line":33,"column":35},"end":{"line":33,"column":51}}],"line":33},"4":{"loc":{"start":{"line":39,"column":23},"end":{"line":39,"column":63}},"type":"binary-expr","locations":[{"start":{"line":39,"column":23},"end":{"line":39,"column":29}},{"start":{"line":39,"column":34},"end":{"line":39,"column":62}}],"line":39},"5":{"loc":{"start":{"line":53,"column":23},"end":{"line":53,"column":60}},"type":"cond-expr","locations":[{"start":{"line":53,"column":33},"end":{"line":53,"column":55}},{"start":{"line":53,"column":58},"end":{"line":53,"column":60}}],"line":53}},"s":{"0":0,"1":0,"2":0,"3":0,"4":0,"5":0,"6":0,"7":0,"8":0},"f":{"0":0,"1":0},"b":{"0":[0],"1":[0],"2":[0],"3":[0,0],"4":[0,0],"5":[0,0]}}
,"/Users/hole/Code/chinese_chess/react-native/ChineseChessRN/src/components/board/BoardGrid.tsx": {"path":"/Users/hole/Code/chinese_chess/react-native/ChineseChessRN/src/components/board/BoardGrid.tsx","statementMap":{"0":{"start":{"line":27,"column":44},"end":{"line":222,"column":1}},"1":{"start":{"line":33,"column":2},"end":{"line":33,"column":29}},"2":{"start":{"line":33,"column":17},"end":{"line":33,"column":29}},"3":{"start":{"line":36,"column":19},"end":{"line":36,"column":37}},"4":{"start":{"line":39,"column":26},"end":{"line":39,"column":28}},"5":{"start":{"line":40,"column":2},"end":{"line":60,"column":3}},"6":{"start":{"line":40,"column":17},"end":{"line":40,"column":18}},"7":{"start":{"line":41,"column":29},"end":{"line":41,"column":88}},"8":{"start":{"line":42,"column":24},"end":{"line":42,"column":96}},"9":{"start":{"line":44,"column":4},"end":{"line":59,"column":6}},"10":{"start":{"line":63,"column":24},"end":{"line":63,"column":26}},"11":{"start":{"line":64,"column":2},"end":{"line":124,"column":3}},"12":{"start":{"line":64,"column":17},"end":{"line":64,"column":18}},"13":{"start":{"line":65,"column":29},"end":{"line":65,"column":88}},"14":{"start":{"line":66,"column":24},"end":{"line":66,"column":96}},"15":{"start":{"line":69,"column":4},"end":{"line":123,"column":5}},"16":{"start":{"line":71,"column":6},"end":{"line":86,"column":8}},"17":{"start":{"line":89,"column":6},"end":{"line":104,"column":8}},"18":{"start":{"line":107,"column":6},"end":{"line":122,"column":8}},"19":{"start":{"line":127,"column":24},"end":{"line":127,"column":26}},"20":{"start":{"line":130,"column":2},"end":{"line":149,"column":4}},"21":{"start":{"line":151,"column":2},"end":{"line":170,"column":4}},"22":{"start":{"line":173,"column":2},"end":{"line":192,"column":4}},"23":{"start":{"line":194,"column":2},"end":{"line":213,"column":4}},"24":{"start":{"line":215,"column":2},"end":{"line":221,"column":4}},"25":{"start":{"line":224,"column":15},"end":{"line":244,"column":2}}},"fnMap":{"0":{"name":"(anonymous_0)","decl":{"start":{"line":27,"column":44},"end":{"line":27,"column":45}},"loc":{"start":{"line":32,"column":6},"end":{"line":222,"column":1}},"line":32}},"branchMap":{"0":{"loc":{"start":{"line":30,"column":2},"end":{"line":30,"column":17}},"type":"default-arg","locations":[{"start":{"line":30,"column":12},"end":{"line":30,"column":17}}],"line":30},"1":{"loc":{"start":{"line":31,"column":2},"end":{"line":31,"column":17}},"type":"default-arg","locations":[{"start":{"line":31,"column":13},"end":{"line":31,"column":17}}],"line":31},"2":{"loc":{"start":{"line":33,"column":2},"end":{"line":33,"column":29}},"type":"if","locations":[{"start":{"line":33,"column":2},"end":{"line":33,"column":29}},{"start":{},"end":{}}],"line":33},"3":{"loc":{"start":{"line":55,"column":23},"end":{"line":55,"column":60}},"type":"cond-expr","locations":[{"start":{"line":55,"column":33},"end":{"line":55,"column":55}},{"start":{"line":55,"column":58},"end":{"line":55,"column":60}}],"line":55},"4":{"loc":{"start":{"line":69,"column":4},"end":{"line":123,"column":5}},"type":"if","locations":[{"start":{"line":69,"column":4},"end":{"line":123,"column":5}},{"start":{"line":105,"column":11},"end":{"line":123,"column":5}}],"line":69},"5":{"loc":{"start":{"line":69,"column":8},"end":{"line":69,"column":28}},"type":"binary-expr","locations":[{"start":{"line":69,"column":8},"end":{"line":69,"column":16}},{"start":{"line":69,"column":20},"end":{"line":69,"column":28}}],"line":69},"6":{"loc":{"start":{"line":82,"column":25},"end":{"line":82,"column":62}},"type":"cond-expr","locations":[{"start":{"line":82,"column":35},"end":{"line":82,"column":57}},{"start":{"line":82,"column":60},"end":{"line":82,"column":62}}],"line":82},"7":{"loc":{"start":{"line":100,"column":25},"end":{"line":100,"column":62}},"type":"cond-expr","locations":[{"start":{"line":100,"column":35},"end":{"line":100,"column":57}},{"start":{"line":100,"column":60},"end":{"line":100,"column":62}}],"line":100},"8":{"loc":{"start":{"line":118,"column":25},"end":{"line":118,"column":62}},"type":"cond-expr","locations":[{"start":{"line":118,"column":35},"end":{"line":118,"column":57}},{"start":{"line":118,"column":60},"end":{"line":118,"column":62}}],"line":118},"9":{"loc":{"start":{"line":144,"column":16},"end":{"line":144,"column":53}},"type":"cond-expr","locations":[{"start":{"line":144,"column":26},"end":{"line":144,"column":48}},{"start":{"line":144,"column":51},"end":{"line":144,"column":53}}],"line":144},"10":{"loc":{"start":{"line":165,"column":16},"end":{"line":165,"column":53}},"type":"cond-expr","locations":[{"start":{"line":165,"column":26},"end":{"line":165,"column":48}},{"start":{"line":165,"column":51},"end":{"line":165,"column":53}}],"line":165},"11":{"loc":{"start":{"line":187,"column":16},"end":{"line":187,"column":53}},"type":"cond-expr","locations":[{"start":{"line":187,"column":26},"end":{"line":187,"column":48}},{"start":{"line":187,"column":51},"end":{"line":187,"column":53}}],"line":187},"12":{"loc":{"start":{"line":208,"column":16},"end":{"line":208,"column":53}},"type":"cond-expr","locations":[{"start":{"line":208,"column":26},"end":{"line":208,"column":48}},{"start":{"line":208,"column":51},"end":{"line":208,"column":53}}],"line":208}},"s":{"0":0,"1":0,"2":0,"3":0,"4":0,"5":0,"6":0,"7":0,"8":0,"9":0,"10":0,"11":0,"12":0,"13":0,"14":0,"15":0,"16":0,"17":0,"18":0,"19":0,"20":0,"21":0,"22":0,"23":0,"24":0,"25":0},"f":{"0":0},"b":{"0":[0],"1":[0],"2":[0,0],"3":[0,0],"4":[0,0],"5":[0,0],"6":[0,0],"7":[0,0],"8":[0,0],"9":[0,0],"10":[0,0],"11":[0,0],"12":[0,0]}}
,"/Users/hole/Code/chinese_chess/react-native/ChineseChessRN/src/components/board/ChessBoard.tsx": {"path":"/Users/hole/Code/chinese_chess/react-native/ChineseChessRN/src/components/board/ChessBoard.tsx","statementMap":{"0":{"start":{"line":31,"column":46},"end":{"line":144,"column":1}},"1":{"start":{"line":38,"column":19},"end":{"line":38,"column":35}},"2":{"start":{"line":41,"column":22},"end":{"line":41,"column":52}},"3":{"start":{"line":42,"column":23},"end":{"line":42,"column":54}},"4":{"start":{"line":45,"column":38},"end":{"line":48,"column":4}},"5":{"start":{"line":51,"column":27},"end":{"line":51,"column":83}},"6":{"start":{"line":51,"column":51},"end":{"line":51,"column":82}},"7":{"start":{"line":52,"column":20},"end":{"line":52,"column":50}},"8":{"start":{"line":55,"column":19},"end":{"line":55,"column":48}},"9":{"start":{"line":58,"column":27},"end":{"line":80,"column":3}},"10":{"start":{"line":60,"column":4},"end":{"line":60,"column":37}},"11":{"start":{"line":62,"column":4},"end":{"line":62,"column":29}},"12":{"start":{"line":62,"column":22},"end":{"line":62,"column":29}},"13":{"start":{"line":65,"column":37},"end":{"line":65,"column":54}},"14":{"start":{"line":68,"column":25},"end":{"line":74,"column":5}},"15":{"start":{"line":77,"column":4},"end":{"line":79,"column":5}},"16":{"start":{"line":78,"column":6},"end":{"line":78,"column":28}},"17":{"start":{"line":83,"column":27},"end":{"line":87,"column":3}},"18":{"start":{"line":84,"column":4},"end":{"line":86,"column":5}},"19":{"start":{"line":85,"column":6},"end":{"line":85,"column":26}},"20":{"start":{"line":90,"column":26},"end":{"line":94,"column":3}},"21":{"start":{"line":91,"column":4},"end":{"line":93,"column":5}},"22":{"start":{"line":92,"column":6},"end":{"line":92,"column":28}},"23":{"start":{"line":97,"column":2},"end":{"line":117,"column":30}},"24":{"start":{"line":98,"column":29},"end":{"line":106,"column":5}},"25":{"start":{"line":99,"column":29},"end":{"line":99,"column":59}},"26":{"start":{"line":100,"column":30},"end":{"line":100,"column":61}},"27":{"start":{"line":102,"column":23},"end":{"line":102,"column":86}},"28":{"start":{"line":103,"column":24},"end":{"line":103,"column":39}},"29":{"start":{"line":105,"column":6},"end":{"line":105,"column":60}},"30":{"start":{"line":109,"column":4},"end":{"line":109,"column":60}},"31":{"start":{"line":112,"column":4},"end":{"line":116,"column":6}},"32":{"start":{"line":120,"column":23},"end":{"line":120,"column":107}},"33":{"start":{"line":122,"column":2},"end":{"line":143,"column":4}},"34":{"start":{"line":146,"column":15},"end":{"line":150,"column":2}}},"fnMap":{"0":{"name":"(anonymous_0)","decl":{"start":{"line":31,"column":46},"end":{"line":31,"column":47}},"loc":{"start":{"line":37,"column":6},"end":{"line":144,"column":1}},"line":37},"1":{"name":"(anonymous_1)","decl":{"start":{"line":51,"column":42},"end":{"line":51,"column":43}},"loc":{"start":{"line":51,"column":51},"end":{"line":51,"column":82}},"line":51},"2":{"name":"(anonymous_2)","decl":{"start":{"line":58,"column":27},"end":{"line":58,"column":28}},"loc":{"start":{"line":58,"column":43},"end":{"line":80,"column":3}},"line":58},"3":{"name":"(anonymous_3)","decl":{"start":{"line":83,"column":27},"end":{"line":83,"column":28}},"loc":{"start":{"line":83,"column":50},"end":{"line":87,"column":3}},"line":83},"4":{"name":"(anonymous_4)","decl":{"start":{"line":90,"column":26},"end":{"line":90,"column":27}},"loc":{"start":{"line":90,"column":70},"end":{"line":94,"column":3}},"line":90},"5":{"name":"(anonymous_5)","decl":{"start":{"line":97,"column":12},"end":{"line":97,"column":13}},"loc":{"start":{"line":97,"column":18},"end":{"line":117,"column":3}},"line":97},"6":{"name":"(anonymous_6)","decl":{"start":{"line":98,"column":29},"end":{"line":98,"column":30}},"loc":{"start":{"line":98,"column":35},"end":{"line":106,"column":5}},"line":98},"7":{"name":"(anonymous_7)","decl":{"start":{"line":112,"column":11},"end":{"line":112,"column":12}},"loc":{"start":{"line":112,"column":17},"end":{"line":116,"column":5}},"line":112}},"branchMap":{"0":{"loc":{"start":{"line":46,"column":11},"end":{"line":46,"column":71}},"type":"binary-expr","locations":[{"start":{"line":46,"column":11},"end":{"line":46,"column":20}},{"start":{"line":46,"column":24},"end":{"line":46,"column":71}}],"line":46},"1":{"loc":{"start":{"line":47,"column":12},"end":{"line":47,"column":27}},"type":"binary-expr","locations":[{"start":{"line":47,"column":12},"end":{"line":47,"column":22}},{"start":{"line":47,"column":26},"end":{"line":47,"column":27}}],"line":47},"2":{"loc":{"start":{"line":62,"column":4},"end":{"line":62,"column":29}},"type":"if","locations":[{"start":{"line":62,"column":4},"end":{"line":62,"column":29}},{"start":{},"end":{}}],"line":62},"3":{"loc":{"start":{"line":73,"column":6},"end":{"line":73,"column":47}},"type":"binary-expr","locations":[{"start":{"line":73,"column":6},"end":{"line":73,"column":23}},{"start":{"line":73,"column":27},"end":{"line":73,"column":47}}],"line":73},"4":{"loc":{"start":{"line":77,"column":4},"end":{"line":79,"column":5}},"type":"if","locations":[{"start":{"line":77,"column":4},"end":{"line":79,"column":5}},{"start":{},"end":{}}],"line":77},"5":{"loc":{"start":{"line":77,"column":8},"end":{"line":77,"column":51}},"type":"binary-expr","locations":[{"start":{"line":77,"column":8},"end":{"line":77,"column":16}},{"start":{"line":77,"column":20},"end":{"line":77,"column":28}},{"start":{"line":77,"column":32},"end":{"line":77,"column":40}},{"start":{"line":77,"column":44},"end":{"line":77,"column":51}}],"line":77},"6":{"loc":{"start":{"line":84,"column":4},"end":{"line":86,"column":5}},"type":"if","locations":[{"start":{"line":84,"column":4},"end":{"line":86,"column":5}},{"start":{},"end":{}}],"line":84},"7":{"loc":{"start":{"line":91,"column":4},"end":{"line":93,"column":5}},"type":"if","locations":[{"start":{"line":91,"column":4},"end":{"line":93,"column":5}},{"start":{},"end":{}}],"line":91},"8":{"loc":{"start":{"line":102,"column":23},"end":{"line":102,"column":86}},"type":"binary-expr","locations":[{"start":{"line":102,"column":23},"end":{"line":102,"column":32}},{"start":{"line":102,"column":36},"end":{"line":102,"column":86}}],"line":102},"9":{"loc":{"start":{"line":103,"column":24},"end":{"line":103,"column":39}},"type":"binary-expr","locations":[{"start":{"line":103,"column":24},"end":{"line":103,"column":34}},{"start":{"line":103,"column":38},"end":{"line":103,"column":39}}],"line":103},"10":{"loc":{"start":{"line":120,"column":23},"end":{"line":120,"column":107}},"type":"binary-expr","locations":[{"start":{"line":120,"column":23},"end":{"line":120,"column":40}},{"start":{"line":120,"column":44},"end":{"line":120,"column":107}}],"line":120}},"s":{"0":0,"1":0,"2":0,"3":0,"4":0,"5":0,"6":0,"7":0,"8":0,"9":0,"10":0,"11":0,"12":0,"13":0,"14":0,"15":0,"16":0,"17":0,"18":0,"19":0,"20":0,"21":0,"22":0,"23":0,"24":0,"25":0,"26":0,"27":0,"28":0,"29":0,"30":0,"31":0,"32":0,"33":0,"34":0},"f":{"0":0,"1":0,"2":0,"3":0,"4":0,"5":0,"6":0,"7":0},"b":{"0":[0,0],"1":[0,0],"2":[0,0],"3":[0,0],"4":[0,0],"5":[0,0,0,0],"6":[0,0],"7":[0,0],"8":[0,0],"9":[0,0],"10":[0,0]}}
,"/Users/hole/Code/chinese_chess/react-native/ChineseChessRN/src/components/board/index.ts": {"path":"/Users/hole/Code/chinese_chess/react-native/ChineseChessRN/src/components/board/index.ts","statementMap":{},"fnMap":{},"branchMap":{},"s":{},"f":{},"b":{}}
,"/Users/hole/Code/chinese_chess/react-native/ChineseChessRN/src/components/pieces/MoveIndicator.tsx": {"path":"/Users/hole/Code/chinese_chess/react-native/ChineseChessRN/src/components/pieces/MoveIndicator.tsx","statementMap":{"0":{"start":{"line":18,"column":52},"end":{"line":40,"column":1}},"1":{"start":{"line":23,"column":19},"end":{"line":23,"column":59}},"2":{"start":{"line":23,"column":43},"end":{"line":23,"column":58}},"3":{"start":{"line":26,"column":21},"end":{"line":26,"column":33}},"4":{"start":{"line":29,"column":25},"end":{"line":29,"column":101}},"5":{"start":{"line":31,"column":2},"end":{"line":39,"column":4}},"6":{"start":{"line":42,"column":15},"end":{"line":51,"column":2}}},"fnMap":{"0":{"name":"(anonymous_0)","decl":{"start":{"line":18,"column":52},"end":{"line":18,"column":53}},"loc":{"start":{"line":21,"column":6},"end":{"line":40,"column":1}},"line":21},"1":{"name":"(anonymous_1)","decl":{"start":{"line":23,"column":34},"end":{"line":23,"column":35}},"loc":{"start":{"line":23,"column":43},"end":{"line":23,"column":58}},"line":23}},"branchMap":{"0":{"loc":{"start":{"line":19,"column":2},"end":{"line":19,"column":27}},"type":"default-arg","locations":[{"start":{"line":19,"column":9},"end":{"line":19,"column":27}}],"line":19},"1":{"loc":{"start":{"line":20,"column":2},"end":{"line":20,"column":11}},"type":"default-arg","locations":[{"start":{"line":20,"column":10},"end":{"line":20,"column":11}}],"line":20}},"s":{"0":0,"1":0,"2":0,"3":0,"4":0,"5":0,"6":0},"f":{"0":0,"1":0},"b":{"0":[0],"1":[0]}}
,"/Users/hole/Code/chinese_chess/react-native/ChineseChessRN/src/components/pieces/MoveIndicatorContainer.tsx": {"path":"/Users/hole/Code/chinese_chess/react-native/ChineseChessRN/src/components/pieces/MoveIndicatorContainer.tsx","statementMap":{"0":{"start":{"line":28,"column":70},"end":{"line":86,"column":1}},"1":{"start":{"line":36,"column":16},"end":{"line":36,"column":57}},"2":{"start":{"line":36,"column":40},"end":{"line":36,"column":56}},"3":{"start":{"line":39,"column":19},"end":{"line":39,"column":42}},"4":{"start":{"line":42,"column":24},"end":{"line":42,"column":38}},"5":{"start":{"line":45,"column":23},"end":{"line":45,"column":31}},"6":{"start":{"line":48,"column":17},"end":{"line":48,"column":88}},"7":{"start":{"line":51,"column":2},"end":{"line":54,"column":3}},"8":{"start":{"line":52,"column":4},"end":{"line":52,"column":23}},"9":{"start":{"line":53,"column":4},"end":{"line":53,"column":24}},"10":{"start":{"line":57,"column":17},"end":{"line":57,"column":34}},"11":{"start":{"line":60,"column":22},"end":{"line":64,"column":3}},"12":{"start":{"line":61,"column":4},"end":{"line":63,"column":5}},"13":{"start":{"line":62,"column":6},"end":{"line":62,"column":24}},"14":{"start":{"line":66,"column":2},"end":{"line":85,"column":4}},"15":{"start":{"line":88,"column":15},"end":{"line":94,"column":2}}},"fnMap":{"0":{"name":"(anonymous_0)","decl":{"start":{"line":28,"column":70},"end":{"line":28,"column":71}},"loc":{"start":{"line":34,"column":6},"end":{"line":86,"column":1}},"line":34},"1":{"name":"(anonymous_1)","decl":{"start":{"line":36,"column":31},"end":{"line":36,"column":32}},"loc":{"start":{"line":36,"column":40},"end":{"line":36,"column":56}},"line":36},"2":{"name":"(anonymous_2)","decl":{"start":{"line":60,"column":22},"end":{"line":60,"column":23}},"loc":{"start":{"line":60,"column":28},"end":{"line":64,"column":3}},"line":60}},"branchMap":{"0":{"loc":{"start":{"line":33,"column":2},"end":{"line":33,"column":17}},"type":"default-arg","locations":[{"start":{"line":33,"column":12},"end":{"line":33,"column":17}}],"line":33},"1":{"loc":{"start":{"line":51,"column":2},"end":{"line":54,"column":3}},"type":"if","locations":[{"start":{"line":51,"column":2},"end":{"line":54,"column":3}},{"start":{},"end":{}}],"line":51},"2":{"loc":{"start":{"line":61,"column":4},"end":{"line":63,"column":5}},"type":"if","locations":[{"start":{"line":61,"column":4},"end":{"line":63,"column":5}},{"start":{},"end":{}}],"line":61}},"s":{"0":0,"1":0,"2":0,"3":0,"4":0,"5":0,"6":0,"7":0,"8":0,"9":0,"10":0,"11":0,"12":0,"13":0,"14":0,"15":0},"f":{"0":0,"1":0,"2":0},"b":{"0":[0],"1":[0,0],"2":[0,0]}}
,"/Users/hole/Code/chinese_chess/react-native/ChineseChessRN/src/components/pieces/Piece.tsx": {"path":"/Users/hole/Code/chinese_chess/react-native/ChineseChessRN/src/components/pieces/Piece.tsx","statementMap":{"0":{"start":{"line":26,"column":36},"end":{"line":86,"column":1}},"1":{"start":{"line":34,"column":19},"end":{"line":34,"column":59}},"2":{"start":{"line":34,"column":43},"end":{"line":34,"column":58}},"3":{"start":{"line":37,"column":16},"end":{"line":37,"column":35}},"4":{"start":{"line":40,"column":15},"end":{"line":40,"column":33}},"5":{"start":{"line":43,"column":21},"end":{"line":43,"column":33}},"6":{"start":{"line":46,"column":21},"end":{"line":46,"column":93}},"7":{"start":{"line":49,"column":24},"end":{"line":51,"column":8}},"8":{"start":{"line":54,"column":24},"end":{"line":56,"column":8}},"9":{"start":{"line":58,"column":2},"end":{"line":85,"column":4}},"10":{"start":{"line":88,"column":15},"end":{"line":100,"column":2}}},"fnMap":{"0":{"name":"(anonymous_0)","decl":{"start":{"line":26,"column":36},"end":{"line":26,"column":37}},"loc":{"start":{"line":32,"column":6},"end":{"line":86,"column":1}},"line":32},"1":{"name":"(anonymous_1)","decl":{"start":{"line":34,"column":34},"end":{"line":34,"column":35}},"loc":{"start":{"line":34,"column":43},"end":{"line":34,"column":58}},"line":34}},"branchMap":{"0":{"loc":{"start":{"line":28,"column":2},"end":{"line":28,"column":27}},"type":"default-arg","locations":[{"start":{"line":28,"column":9},"end":{"line":28,"column":27}}],"line":28},"1":{"loc":{"start":{"line":29,"column":2},"end":{"line":29,"column":20}},"type":"default-arg","locations":[{"start":{"line":29,"column":15},"end":{"line":29,"column":20}}],"line":29},"2":{"loc":{"start":{"line":30,"column":2},"end":{"line":30,"column":20}},"type":"default-arg","locations":[{"start":{"line":30,"column":15},"end":{"line":30,"column":20}}],"line":30},"3":{"loc":{"start":{"line":31,"column":2},"end":{"line":31,"column":11}},"type":"default-arg","locations":[{"start":{"line":31,"column":10},"end":{"line":31,"column":11}}],"line":31},"4":{"loc":{"start":{"line":46,"column":35},"end":{"line":46,"column":63}},"type":"binary-expr","locations":[{"start":{"line":46,"column":35},"end":{"line":46,"column":43}},{"start":{"line":46,"column":47},"end":{"line":46,"column":63}}],"line":46},"5":{"loc":{"start":{"line":49,"column":24},"end":{"line":51,"column":8}},"type":"cond-expr","locations":[{"start":{"line":50,"column":4},"end":{"line":50,"column":75}},{"start":{"line":51,"column":4},"end":{"line":51,"column":8}}],"line":49},"6":{"loc":{"start":{"line":54,"column":24},"end":{"line":56,"column":8}},"type":"cond-expr","locations":[{"start":{"line":55,"column":4},"end":{"line":55,"column":76}},{"start":{"line":56,"column":4},"end":{"line":56,"column":8}}],"line":54},"7":{"loc":{"start":{"line":61,"column":7},"end":{"line":67,"column":7}},"type":"binary-expr","locations":[{"start":{"line":61,"column":7},"end":{"line":61,"column":20}},{"start":{"line":62,"column":8},"end":{"line":66,"column":10}}],"line":61},"8":{"loc":{"start":{"line":77,"column":7},"end":{"line":83,"column":7}},"type":"binary-expr","locations":[{"start":{"line":77,"column":7},"end":{"line":77,"column":20}},{"start":{"line":78,"column":8},"end":{"line":82,"column":10}}],"line":77}},"s":{"0":0,"1":0,"2":0,"3":0,"4":0,"5":0,"6":0,"7":0,"8":0,"9":0,"10":0},"f":{"0":0,"1":0},"b":{"0":[0],"1":[0],"2":[0],"3":[0],"4":[0,0],"5":[0,0],"6":[0,0],"7":[0,0],"8":[0,0]}}
,"/Users/hole/Code/chinese_chess/react-native/ChineseChessRN/src/components/pieces/PieceContainer.tsx": {"path":"/Users/hole/Code/chinese_chess/react-native/ChineseChessRN/src/components/pieces/PieceContainer.tsx","statementMap":{"0":{"start":{"line":31,"column":54},"end":{"line":94,"column":1}},"1":{"start":{"line":41,"column":16},"end":{"line":41,"column":57}},"2":{"start":{"line":41,"column":40},"end":{"line":41,"column":56}},"3":{"start":{"line":44,"column":19},"end":{"line":44,"column":42}},"4":{"start":{"line":47,"column":20},"end":{"line":47,"column":34}},"5":{"start":{"line":50,"column":23},"end":{"line":50,"column":37}},"6":{"start":{"line":53,"column":17},"end":{"line":53,"column":88}},"7":{"start":{"line":56,"column":2},"end":{"line":59,"column":3}},"8":{"start":{"line":57,"column":4},"end":{"line":57,"column":23}},"9":{"start":{"line":58,"column":4},"end":{"line":58,"column":24}},"10":{"start":{"line":62,"column":17},"end":{"line":62,"column":30}},"11":{"start":{"line":65,"column":22},"end":{"line":69,"column":3}},"12":{"start":{"line":66,"column":4},"end":{"line":68,"column":5}},"13":{"start":{"line":67,"column":6},"end":{"line":67,"column":21}},"14":{"start":{"line":71,"column":2},"end":{"line":93,"column":4}},"15":{"start":{"line":96,"column":15},"end":{"line":102,"column":2}}},"fnMap":{"0":{"name":"(anonymous_0)","decl":{"start":{"line":31,"column":54},"end":{"line":31,"column":55}},"loc":{"start":{"line":39,"column":6},"end":{"line":94,"column":1}},"line":39},"1":{"name":"(anonymous_1)","decl":{"start":{"line":41,"column":31},"end":{"line":41,"column":32}},"loc":{"start":{"line":41,"column":40},"end":{"line":41,"column":56}},"line":41},"2":{"name":"(anonymous_2)","decl":{"start":{"line":65,"column":22},"end":{"line":65,"column":23}},"loc":{"start":{"line":65,"column":28},"end":{"line":69,"column":3}},"line":65}},"branchMap":{"0":{"loc":{"start":{"line":35,"column":2},"end":{"line":35,"column":20}},"type":"default-arg","locations":[{"start":{"line":35,"column":15},"end":{"line":35,"column":20}}],"line":35},"1":{"loc":{"start":{"line":36,"column":2},"end":{"line":36,"column":20}},"type":"default-arg","locations":[{"start":{"line":36,"column":15},"end":{"line":36,"column":20}}],"line":36},"2":{"loc":{"start":{"line":38,"column":2},"end":{"line":38,"column":17}},"type":"default-arg","locations":[{"start":{"line":38,"column":12},"end":{"line":38,"column":17}}],"line":38},"3":{"loc":{"start":{"line":56,"column":2},"end":{"line":59,"column":3}},"type":"if","locations":[{"start":{"line":56,"column":2},"end":{"line":59,"column":3}},{"start":{},"end":{}}],"line":56},"4":{"loc":{"start":{"line":66,"column":4},"end":{"line":68,"column":5}},"type":"if","locations":[{"start":{"line":66,"column":4},"end":{"line":68,"column":5}},{"start":{},"end":{}}],"line":66}},"s":{"0":0,"1":0,"2":0,"3":0,"4":0,"5":0,"6":0,"7":0,"8":0,"9":0,"10":0,"11":0,"12":0,"13":0,"14":0,"15":0},"f":{"0":0,"1":0,"2":0},"b":{"0":[0],"1":[0],"2":[0],"3":[0,0],"4":[0,0]}}
,"/Users/hole/Code/chinese_chess/react-native/ChineseChessRN/src/components/pieces/PiecesLayer.tsx": {"path":"/Users/hole/Code/chinese_chess/react-native/ChineseChessRN/src/components/pieces/PiecesLayer.tsx","statementMap":{"0":{"start":{"line":22,"column":48},"end":{"line":72,"column":1}},"1":{"start":{"line":29,"column":17},"end":{"line":29,"column":59}},"2":{"start":{"line":29,"column":41},"end":{"line":29,"column":58}},"3":{"start":{"line":30,"column":24},"end":{"line":30,"column":73}},"4":{"start":{"line":30,"column":48},"end":{"line":30,"column":72}},"5":{"start":{"line":31,"column":24},"end":{"line":31,"column":73}},"6":{"start":{"line":31,"column":48},"end":{"line":31,"column":72}},"7":{"start":{"line":32,"column":18},"end":{"line":32,"column":61}},"8":{"start":{"line":32,"column":42},"end":{"line":32,"column":60}},"9":{"start":{"line":33,"column":19},"end":{"line":33,"column":74}},"10":{"start":{"line":36,"column":27},"end":{"line":36,"column":83}},"11":{"start":{"line":36,"column":51},"end":{"line":36,"column":82}},"12":{"start":{"line":37,"column":20},"end":{"line":37,"column":50}},"13":{"start":{"line":39,"column":2},"end":{"line":71,"column":4}},"14":{"start":{"line":43,"column":8},"end":{"line":50,"column":10}},"15":{"start":{"line":55,"column":8},"end":{"line":68,"column":10}},"16":{"start":{"line":74,"column":15},"end":{"line":80,"column":2}}},"fnMap":{"0":{"name":"(anonymous_0)","decl":{"start":{"line":22,"column":48},"end":{"line":22,"column":49}},"loc":{"start":{"line":27,"column":6},"end":{"line":72,"column":1}},"line":27},"1":{"name":"(anonymous_1)","decl":{"start":{"line":29,"column":32},"end":{"line":29,"column":33}},"loc":{"start":{"line":29,"column":41},"end":{"line":29,"column":58}},"line":29},"2":{"name":"(anonymous_2)","decl":{"start":{"line":30,"column":39},"end":{"line":30,"column":40}},"loc":{"start":{"line":30,"column":48},"end":{"line":30,"column":72}},"line":30},"3":{"name":"(anonymous_3)","decl":{"start":{"line":31,"column":39},"end":{"line":31,"column":40}},"loc":{"start":{"line":31,"column":48},"end":{"line":31,"column":72}},"line":31},"4":{"name":"(anonymous_4)","decl":{"start":{"line":32,"column":33},"end":{"line":32,"column":34}},"loc":{"start":{"line":32,"column":42},"end":{"line":32,"column":60}},"line":32},"5":{"name":"(anonymous_5)","decl":{"start":{"line":36,"column":42},"end":{"line":36,"column":43}},"loc":{"start":{"line":36,"column":51},"end":{"line":36,"column":82}},"line":36},"6":{"name":"(anonymous_6)","decl":{"start":{"line":42,"column":42},"end":{"line":42,"column":43}},"loc":{"start":{"line":43,"column":8},"end":{"line":50,"column":10}},"line":43},"7":{"name":"(anonymous_7)","decl":{"start":{"line":54,"column":18},"end":{"line":54,"column":19}},"loc":{"start":{"line":55,"column":8},"end":{"line":68,"column":10}},"line":55}},"branchMap":{"0":{"loc":{"start":{"line":33,"column":19},"end":{"line":33,"column":74}},"type":"cond-expr","locations":[{"start":{"line":33,"column":40},"end":{"line":33,"column":67}},{"start":{"line":33,"column":70},"end":{"line":33,"column":74}}],"line":33},"1":{"loc":{"start":{"line":42,"column":7},"end":{"line":51,"column":8}},"type":"binary-expr","locations":[{"start":{"line":42,"column":7},"end":{"line":42,"column":20}},{"start":{"line":42,"column":24},"end":{"line":51,"column":8}}],"line":42},"2":{"loc":{"start":{"line":62,"column":12},"end":{"line":64,"column":96}},"type":"binary-expr","locations":[{"start":{"line":62,"column":12},"end":{"line":62,"column":20}},{"start":{"line":63,"column":14},"end":{"line":63,"column":54}},{"start":{"line":63,"column":58},"end":{"line":63,"column":98}},{"start":{"line":64,"column":14},"end":{"line":64,"column":52}},{"start":{"line":64,"column":56},"end":{"line":64,"column":94}}],"line":62}},"s":{"0":0,"1":0,"2":0,"3":0,"4":0,"5":0,"6":0,"7":0,"8":0,"9":0,"10":0,"11":0,"12":0,"13":0,"14":0,"15":0,"16":0},"f":{"0":0,"1":0,"2":0,"3":0,"4":0,"5":0,"6":0,"7":0},"b":{"0":[0,0],"1":[0,0],"2":[0,0,0,0,0]}}
,"/Users/hole/Code/chinese_chess/react-native/ChineseChessRN/src/components/pieces/index.ts": {"path":"/Users/hole/Code/chinese_chess/react-native/ChineseChessRN/src/components/pieces/index.ts","statementMap":{},"fnMap":{},"branchMap":{},"s":{},"f":{},"b":{}}
,"/Users/hole/Code/chinese_chess/react-native/ChineseChessRN/src/components/timer/ChessTimerComponent.tsx": {"path":"/Users/hole/Code/chinese_chess/react-native/ChineseChessRN/src/components/timer/ChessTimerComponent.tsx","statementMap":{"0":{"start":{"line":18,"column":64},"end":{"line":94,"column":1}},"1":{"start":{"line":26,"column":23},"end":{"line":36,"column":3}},"2":{"start":{"line":27,"column":4},"end":{"line":29,"column":5}},"3":{"start":{"line":28,"column":6},"end":{"line":28,"column":23}},"4":{"start":{"line":31,"column":4},"end":{"line":33,"column":5}},"5":{"start":{"line":32,"column":6},"end":{"line":32,"column":19}},"6":{"start":{"line":35,"column":4},"end":{"line":35,"column":21}},"7":{"start":{"line":39,"column":31},"end":{"line":58,"column":3}},"8":{"start":{"line":40,"column":4},"end":{"line":42,"column":5}},"9":{"start":{"line":41,"column":6},"end":{"line":41,"column":18}},"10":{"start":{"line":44,"column":4},"end":{"line":57,"column":5}},"11":{"start":{"line":46,"column":8},"end":{"line":46,"column":46}},"12":{"start":{"line":48,"column":8},"end":{"line":48,"column":63}},"13":{"start":{"line":50,"column":8},"end":{"line":50,"column":62}},"14":{"start":{"line":52,"column":8},"end":{"line":52,"column":62}},"15":{"start":{"line":54,"column":8},"end":{"line":54,"column":68}},"16":{"start":{"line":56,"column":8},"end":{"line":56,"column":20}},"17":{"start":{"line":60,"column":2},"end":{"line":93,"column":4}},"18":{"start":{"line":96,"column":15},"end":{"line":123,"column":2}}},"fnMap":{"0":{"name":"(anonymous_0)","decl":{"start":{"line":18,"column":64},"end":{"line":18,"column":65}},"loc":{"start":{"line":24,"column":6},"end":{"line":94,"column":1}},"line":24},"1":{"name":"(anonymous_1)","decl":{"start":{"line":26,"column":23},"end":{"line":26,"column":24}},"loc":{"start":{"line":26,"column":29},"end":{"line":36,"column":3}},"line":26},"2":{"name":"(anonymous_2)","decl":{"start":{"line":39,"column":31},"end":{"line":39,"column":32}},"loc":{"start":{"line":39,"column":37},"end":{"line":58,"column":3}},"line":39}},"branchMap":{"0":{"loc":{"start":{"line":23,"column":2},"end":{"line":23,"column":19}},"type":"default-arg","locations":[{"start":{"line":23,"column":14},"end":{"line":23,"column":19}}],"line":23},"1":{"loc":{"start":{"line":27,"column":4},"end":{"line":29,"column":5}},"type":"if","locations":[{"start":{"line":27,"column":4},"end":{"line":29,"column":5}},{"start":{},"end":{}}],"line":27},"2":{"loc":{"start":{"line":31,"column":4},"end":{"line":33,"column":5}},"type":"if","locations":[{"start":{"line":31,"column":4},"end":{"line":33,"column":5}},{"start":{},"end":{}}],"line":31},"3":{"loc":{"start":{"line":40,"column":4},"end":{"line":42,"column":5}},"type":"if","locations":[{"start":{"line":40,"column":4},"end":{"line":42,"column":5}},{"start":{},"end":{}}],"line":40},"4":{"loc":{"start":{"line":44,"column":4},"end":{"line":57,"column":5}},"type":"switch","locations":[{"start":{"line":45,"column":6},"end":{"line":46,"column":46}},{"start":{"line":47,"column":6},"end":{"line":48,"column":63}},{"start":{"line":49,"column":6},"end":{"line":50,"column":62}},{"start":{"line":51,"column":6},"end":{"line":52,"column":62}},{"start":{"line":53,"column":6},"end":{"line":54,"column":68}},{"start":{"line":55,"column":6},"end":{"line":56,"column":20}}],"line":44},"5":{"loc":{"start":{"line":64,"column":8},"end":{"line":64,"column":66}},"type":"cond-expr","locations":[{"start":{"line":64,"column":20},"end":{"line":64,"column":43}},{"start":{"line":64,"column":46},"end":{"line":64,"column":66}}],"line":64},"6":{"loc":{"start":{"line":66,"column":27},"end":{"line":66,"column":66}},"type":"cond-expr","locations":[{"start":{"line":66,"column":38},"end":{"line":66,"column":50}},{"start":{"line":66,"column":53},"end":{"line":66,"column":66}}],"line":66},"7":{"loc":{"start":{"line":67,"column":23},"end":{"line":67,"column":51}},"type":"cond-expr","locations":[{"start":{"line":67,"column":34},"end":{"line":67,"column":39}},{"start":{"line":67,"column":42},"end":{"line":67,"column":51}}],"line":67},"8":{"loc":{"start":{"line":68,"column":23},"end":{"line":68,"column":39}},"type":"cond-expr","locations":[{"start":{"line":68,"column":34},"end":{"line":68,"column":35}},{"start":{"line":68,"column":38},"end":{"line":68,"column":39}}],"line":68},"9":{"loc":{"start":{"line":74,"column":14},"end":{"line":74,"column":33}},"type":"cond-expr","locations":[{"start":{"line":74,"column":26},"end":{"line":74,"column":28}},{"start":{"line":74,"column":31},"end":{"line":74,"column":33}}],"line":74},"10":{"loc":{"start":{"line":81,"column":10},"end":{"line":81,"column":58}},"type":"cond-expr","locations":[{"start":{"line":81,"column":22},"end":{"line":81,"column":40}},{"start":{"line":81,"column":43},"end":{"line":81,"column":58}}],"line":81},"11":{"loc":{"start":{"line":84,"column":24},"end":{"line":84,"column":52}},"type":"cond-expr","locations":[{"start":{"line":84,"column":35},"end":{"line":84,"column":41}},{"start":{"line":84,"column":44},"end":{"line":84,"column":52}}],"line":84}},"s":{"0":0,"1":0,"2":0,"3":0,"4":0,"5":0,"6":0,"7":0,"8":0,"9":0,"10":0,"11":0,"12":0,"13":0,"14":0,"15":0,"16":0,"17":0,"18":0},"f":{"0":0,"1":0,"2":0},"b":{"0":[0],"1":[0,0],"2":[0,0],"3":[0,0],"4":[0,0,0,0,0,0],"5":[0,0],"6":[0,0],"7":[0,0],"8":[0,0],"9":[0,0],"10":[0,0],"11":[0,0]}}
,"/Users/hole/Code/chinese_chess/react-native/ChineseChessRN/src/components/timer/GameTimerDisplay.tsx": {"path":"/Users/hole/Code/chinese_chess/react-native/ChineseChessRN/src/components/timer/GameTimerDisplay.tsx","statementMap":{"0":{"start":{"line":17,"column":58},"end":{"line":81,"column":1}},"1":{"start":{"line":21,"column":19},"end":{"line":21,"column":35}},"2":{"start":{"line":22,"column":24},"end":{"line":22,"column":73}},"3":{"start":{"line":22,"column":48},"end":{"line":22,"column":72}},"4":{"start":{"line":23,"column":23},"end":{"line":23,"column":71}},"5":{"start":{"line":23,"column":47},"end":{"line":23,"column":70}},"6":{"start":{"line":24,"column":29},"end":{"line":24,"column":83}},"7":{"start":{"line":24,"column":53},"end":{"line":24,"column":82}},"8":{"start":{"line":25,"column":27},"end":{"line":25,"column":79}},"9":{"start":{"line":25,"column":51},"end":{"line":25,"column":78}},"10":{"start":{"line":36,"column":6},"end":{"line":36,"column":52}},"11":{"start":{"line":39,"column":30},"end":{"line":42,"column":3}},"12":{"start":{"line":40,"column":4},"end":{"line":40,"column":20}},"13":{"start":{"line":41,"column":4},"end":{"line":41,"column":45}},"14":{"start":{"line":45,"column":22},"end":{"line":47,"column":3}},"15":{"start":{"line":46,"column":4},"end":{"line":46,"column":19}},"16":{"start":{"line":49,"column":2},"end":{"line":80,"column":4}},"17":{"start":{"line":83,"column":15},"end":{"line":92,"column":2}}},"fnMap":{"0":{"name":"(anonymous_0)","decl":{"start":{"line":17,"column":58},"end":{"line":17,"column":59}},"loc":{"start":{"line":20,"column":6},"end":{"line":81,"column":1}},"line":20},"1":{"name":"(anonymous_1)","decl":{"start":{"line":22,"column":39},"end":{"line":22,"column":40}},"loc":{"start":{"line":22,"column":48},"end":{"line":22,"column":72}},"line":22},"2":{"name":"(anonymous_2)","decl":{"start":{"line":23,"column":38},"end":{"line":23,"column":39}},"loc":{"start":{"line":23,"column":47},"end":{"line":23,"column":70}},"line":23},"3":{"name":"(anonymous_3)","decl":{"start":{"line":24,"column":44},"end":{"line":24,"column":45}},"loc":{"start":{"line":24,"column":53},"end":{"line":24,"column":82}},"line":24},"4":{"name":"(anonymous_4)","decl":{"start":{"line":25,"column":42},"end":{"line":25,"column":43}},"loc":{"start":{"line":25,"column":51},"end":{"line":25,"column":78}},"line":25},"5":{"name":"(anonymous_5)","decl":{"start":{"line":39,"column":30},"end":{"line":39,"column":31}},"loc":{"start":{"line":39,"column":36},"end":{"line":42,"column":3}},"line":39},"6":{"name":"(anonymous_6)","decl":{"start":{"line":45,"column":22},"end":{"line":45,"column":23}},"loc":{"start":{"line":45,"column":28},"end":{"line":47,"column":3}},"line":45}},"branchMap":{"0":{"loc":{"start":{"line":18,"column":2},"end":{"line":18,"column":19}},"type":"default-arg","locations":[{"start":{"line":18,"column":14},"end":{"line":18,"column":19}}],"line":18},"1":{"loc":{"start":{"line":19,"column":2},"end":{"line":19,"column":21}},"type":"default-arg","locations":[{"start":{"line":19,"column":17},"end":{"line":19,"column":21}}],"line":19},"2":{"loc":{"start":{"line":55,"column":18},"end":{"line":55,"column":56}},"type":"binary-expr","locations":[{"start":{"line":55,"column":18},"end":{"line":55,"column":27}},{"start":{"line":55,"column":31},"end":{"line":55,"column":56}}],"line":55},"3":{"loc":{"start":{"line":61,"column":7},"end":{"line":69,"column":7}},"type":"binary-expr","locations":[{"start":{"line":61,"column":7},"end":{"line":61,"column":19}},{"start":{"line":62,"column":8},"end":{"line":68,"column":15}}],"line":61},"4":{"loc":{"start":{"line":75,"column":18},"end":{"line":75,"column":54}},"type":"binary-expr","locations":[{"start":{"line":75,"column":18},"end":{"line":75,"column":27}},{"start":{"line":75,"column":31},"end":{"line":75,"column":54}}],"line":75}},"s":{"0":0,"1":0,"2":0,"3":0,"4":0,"5":0,"6":0,"7":0,"8":0,"9":0,"10":0,"11":0,"12":0,"13":0,"14":0,"15":0,"16":0,"17":0},"f":{"0":0,"1":0,"2":0,"3":0,"4":0,"5":0,"6":0},"b":{"0":[0],"1":[0],"2":[0,0],"3":[0,0],"4":[0,0]}}
,"/Users/hole/Code/chinese_chess/react-native/ChineseChessRN/src/components/timer/PulsingDot.tsx": {"path":"/Users/hole/Code/chinese_chess/react-native/ChineseChessRN/src/components/timer/PulsingDot.tsx","statementMap":{"0":{"start":{"line":12,"column":46},"end":{"line":56,"column":1}},"1":{"start":{"line":14,"column":20},"end":{"line":14,"column":57}},"2":{"start":{"line":17,"column":2},"end":{"line":40,"column":18}},"3":{"start":{"line":19,"column":4},"end":{"line":34,"column":14}},"4":{"start":{"line":37,"column":4},"end":{"line":39,"column":6}},"5":{"start":{"line":38,"column":6},"end":{"line":38,"column":32}},"6":{"start":{"line":42,"column":2},"end":{"line":55,"column":4}},"7":{"start":{"line":58,"column":15},"end":{"line":62,"column":2}}},"fnMap":{"0":{"name":"(anonymous_0)","decl":{"start":{"line":12,"column":46},"end":{"line":12,"column":47}},"loc":{"start":{"line":12,"column":71},"end":{"line":56,"column":1}},"line":12},"1":{"name":"(anonymous_1)","decl":{"start":{"line":17,"column":12},"end":{"line":17,"column":13}},"loc":{"start":{"line":17,"column":18},"end":{"line":40,"column":3}},"line":17},"2":{"name":"(anonymous_2)","decl":{"start":{"line":37,"column":11},"end":{"line":37,"column":12}},"loc":{"start":{"line":37,"column":17},"end":{"line":39,"column":5}},"line":37}},"branchMap":{"0":{"loc":{"start":{"line":12,"column":56},"end":{"line":12,"column":64}},"type":"default-arg","locations":[{"start":{"line":12,"column":63},"end":{"line":12,"column":64}}],"line":12}},"s":{"0":0,"1":0,"2":0,"3":0,"4":0,"5":0,"6":0,"7":0},"f":{"0":0,"1":0,"2":0},"b":{"0":[0]}}
,"/Users/hole/Code/chinese_chess/react-native/ChineseChessRN/src/components/timer/TimerControls.tsx": {"path":"/Users/hole/Code/chinese_chess/react-native/ChineseChessRN/src/components/timer/TimerControls.tsx","statementMap":{"0":{"start":{"line":14,"column":52},"end":{"line":51,"column":1}},"1":{"start":{"line":19,"column":2},"end":{"line":50,"column":4}},"2":{"start":{"line":53,"column":15},"end":{"line":72,"column":2}}},"fnMap":{"0":{"name":"(anonymous_0)","decl":{"start":{"line":14,"column":52},"end":{"line":14,"column":53}},"loc":{"start":{"line":18,"column":6},"end":{"line":51,"column":1}},"line":18}},"branchMap":{"0":{"loc":{"start":{"line":27,"column":22},"end":{"line":27,"column":55}},"type":"cond-expr","locations":[{"start":{"line":27,"column":34},"end":{"line":27,"column":43}},{"start":{"line":27,"column":46},"end":{"line":27,"column":55}}],"line":27},"1":{"loc":{"start":{"line":32,"column":21},"end":{"line":32,"column":54}},"type":"cond-expr","locations":[{"start":{"line":32,"column":33},"end":{"line":32,"column":42}},{"start":{"line":32,"column":45},"end":{"line":32,"column":54}}],"line":32},"2":{"loc":{"start":{"line":35,"column":11},"end":{"line":35,"column":57}},"type":"cond-expr","locations":[{"start":{"line":35,"column":23},"end":{"line":35,"column":38}},{"start":{"line":35,"column":41},"end":{"line":35,"column":57}}],"line":35},"3":{"loc":{"start":{"line":40,"column":7},"end":{"line":48,"column":7}},"type":"binary-expr","locations":[{"start":{"line":40,"column":7},"end":{"line":40,"column":16}},{"start":{"line":41,"column":8},"end":{"line":47,"column":27}}],"line":40}},"s":{"0":0,"1":0,"2":0},"f":{"0":0},"b":{"0":[0,0],"1":[0,0],"2":[0,0],"3":[0,0]}}
,"/Users/hole/Code/chinese_chess/react-native/ChineseChessRN/src/components/timer/index.ts": {"path":"/Users/hole/Code/chinese_chess/react-native/ChineseChessRN/src/components/timer/index.ts","statementMap":{},"fnMap":{},"branchMap":{},"s":{},"f":{},"b":{}}
,"/Users/hole/Code/chinese_chess/react-native/ChineseChessRN/src/components/ui/AISettingsComponent.tsx": {"path":"/Users/hole/Code/chinese_chess/react-native/ChineseChessRN/src/components/ui/AISettingsComponent.tsx","statementMap":{"0":{"start":{"line":20,"column":64},"end":{"line":75,"column":1}},"1":{"start":{"line":24,"column":19},"end":{"line":24,"column":35}},"2":{"start":{"line":27,"column":29},"end":{"line":27,"column":81}},"3":{"start":{"line":27,"column":53},"end":{"line":27,"column":80}},"4":{"start":{"line":30,"column":16},"end":{"line":30,"column":33}},"5":{"start":{"line":33,"column":23},"end":{"line":37,"column":3}},"6":{"start":{"line":40,"column":33},"end":{"line":42,"column":3}},"7":{"start":{"line":41,"column":4},"end":{"line":41,"column":60}},"8":{"start":{"line":44,"column":2},"end":{"line":74,"column":4}},"9":{"start":{"line":52,"column":29},"end":{"line":52,"column":65}},"10":{"start":{"line":54,"column":10},"end":{"line":70,"column":12}},"11":{"start":{"line":61,"column":29},"end":{"line":61,"column":66}},"12":{"start":{"line":77,"column":15},"end":{"line":122,"column":2}}},"fnMap":{"0":{"name":"(anonymous_0)","decl":{"start":{"line":20,"column":64},"end":{"line":20,"column":65}},"loc":{"start":{"line":23,"column":6},"end":{"line":75,"column":1}},"line":23},"1":{"name":"(anonymous_1)","decl":{"start":{"line":27,"column":44},"end":{"line":27,"column":45}},"loc":{"start":{"line":27,"column":53},"end":{"line":27,"column":80}},"line":27},"2":{"name":"(anonymous_2)","decl":{"start":{"line":40,"column":33},"end":{"line":40,"column":34}},"loc":{"start":{"line":40,"column":59},"end":{"line":42,"column":3}},"line":40},"3":{"name":"(anonymous_3)","decl":{"start":{"line":51,"column":26},"end":{"line":51,"column":27}},"loc":{"start":{"line":51,"column":40},"end":{"line":71,"column":9}},"line":51},"4":{"name":"(anonymous_4)","decl":{"start":{"line":61,"column":23},"end":{"line":61,"column":24}},"loc":{"start":{"line":61,"column":29},"end":{"line":61,"column":66}},"line":61}},"branchMap":{"0":{"loc":{"start":{"line":21,"column":2},"end":{"line":21,"column":19}},"type":"default-arg","locations":[{"start":{"line":21,"column":15},"end":{"line":21,"column":19}}],"line":21},"1":{"loc":{"start":{"line":22,"column":2},"end":{"line":22,"column":18}},"type":"default-arg","locations":[{"start":{"line":22,"column":14},"end":{"line":22,"column":18}}],"line":22},"2":{"loc":{"start":{"line":45,"column":36},"end":{"line":45,"column":84}},"type":"cond-expr","locations":[{"start":{"line":45,"column":49},"end":{"line":45,"column":66}},{"start":{"line":45,"column":69},"end":{"line":45,"column":84}}],"line":45},"3":{"loc":{"start":{"line":46,"column":7},"end":{"line":48,"column":7}},"type":"binary-expr","locations":[{"start":{"line":46,"column":7},"end":{"line":46,"column":16}},{"start":{"line":47,"column":8},"end":{"line":47,"column":65}}],"line":46},"4":{"loc":{"start":{"line":50,"column":19},"end":{"line":50,"column":72}},"type":"cond-expr","locations":[{"start":{"line":50,"column":32},"end":{"line":50,"column":49}},{"start":{"line":50,"column":52},"end":{"line":50,"column":72}}],"line":50},"5":{"loc":{"start":{"line":59,"column":16},"end":{"line":59,"column":51}},"type":"binary-expr","locations":[{"start":{"line":59,"column":16},"end":{"line":59,"column":26}},{"start":{"line":59,"column":30},"end":{"line":59,"column":51}}],"line":59},"6":{"loc":{"start":{"line":65,"column":16},"end":{"line":65,"column":55}},"type":"binary-expr","locations":[{"start":{"line":65,"column":16},"end":{"line":65,"column":26}},{"start":{"line":65,"column":30},"end":{"line":65,"column":55}}],"line":65}},"s":{"0":0,"1":0,"2":0,"3":0,"4":0,"5":0,"6":0,"7":0,"8":0,"9":0,"10":0,"11":0,"12":0},"f":{"0":0,"1":0,"2":0,"3":0,"4":0},"b":{"0":[0],"1":[0],"2":[0,0],"3":[0,0],"4":[0,0],"5":[0,0],"6":[0,0]}}
,"/Users/hole/Code/chinese_chess/react-native/ChineseChessRN/src/components/ui/AIThinkingIndicator.tsx": {"path":"/Users/hole/Code/chinese_chess/react-native/ChineseChessRN/src/components/ui/AIThinkingIndicator.tsx","statementMap":{"0":{"start":{"line":18,"column":64},"end":{"line":95,"column":1}},"1":{"start":{"line":23,"column":16},"end":{"line":23,"column":33}},"2":{"start":{"line":26,"column":22},"end":{"line":26,"column":59}},"3":{"start":{"line":29,"column":2},"end":{"line":63,"column":32}},"4":{"start":{"line":30,"column":4},"end":{"line":57,"column":5}},"5":{"start":{"line":32,"column":6},"end":{"line":47,"column":16}},"6":{"start":{"line":50,"column":6},"end":{"line":50,"column":34}},"7":{"start":{"line":52,"column":6},"end":{"line":56,"column":17}},"8":{"start":{"line":60,"column":4},"end":{"line":62,"column":6}},"9":{"start":{"line":61,"column":6},"end":{"line":61,"column":34}},"10":{"start":{"line":66,"column":2},"end":{"line":68,"column":3}},"11":{"start":{"line":67,"column":4},"end":{"line":67,"column":16}},"12":{"start":{"line":71,"column":18},"end":{"line":82,"column":3}},"13":{"start":{"line":72,"column":4},"end":{"line":81,"column":5}},"14":{"start":{"line":74,"column":8},"end":{"line":74,"column":37}},"15":{"start":{"line":76,"column":8},"end":{"line":76,"column":35}},"16":{"start":{"line":78,"column":8},"end":{"line":78,"column":45}},"17":{"start":{"line":80,"column":8},"end":{"line":80,"column":28}},"18":{"start":{"line":84,"column":2},"end":{"line":94,"column":4}},"19":{"start":{"line":97,"column":15},"end":{"line":115,"column":2}}},"fnMap":{"0":{"name":"(anonymous_0)","decl":{"start":{"line":18,"column":64},"end":{"line":18,"column":65}},"loc":{"start":{"line":21,"column":6},"end":{"line":95,"column":1}},"line":21},"1":{"name":"(anonymous_1)","decl":{"start":{"line":29,"column":12},"end":{"line":29,"column":13}},"loc":{"start":{"line":29,"column":18},"end":{"line":63,"column":3}},"line":29},"2":{"name":"(anonymous_2)","decl":{"start":{"line":60,"column":11},"end":{"line":60,"column":12}},"loc":{"start":{"line":60,"column":17},"end":{"line":62,"column":5}},"line":60},"3":{"name":"(anonymous_3)","decl":{"start":{"line":71,"column":18},"end":{"line":71,"column":19}},"loc":{"start":{"line":71,"column":24},"end":{"line":82,"column":3}},"line":71}},"branchMap":{"0":{"loc":{"start":{"line":20,"column":2},"end":{"line":20,"column":23}},"type":"default-arg","locations":[{"start":{"line":20,"column":15},"end":{"line":20,"column":23}}],"line":20},"1":{"loc":{"start":{"line":30,"column":4},"end":{"line":57,"column":5}},"type":"if","locations":[{"start":{"line":30,"column":4},"end":{"line":57,"column":5}},{"start":{"line":48,"column":11},"end":{"line":57,"column":5}}],"line":30},"2":{"loc":{"start":{"line":66,"column":2},"end":{"line":68,"column":3}},"type":"if","locations":[{"start":{"line":66,"column":2},"end":{"line":68,"column":3}},{"start":{},"end":{}}],"line":66},"3":{"loc":{"start":{"line":72,"column":4},"end":{"line":81,"column":5}},"type":"switch","locations":[{"start":{"line":73,"column":6},"end":{"line":74,"column":37}},{"start":{"line":75,"column":6},"end":{"line":76,"column":35}},{"start":{"line":77,"column":6},"end":{"line":78,"column":45}},{"start":{"line":79,"column":6},"end":{"line":80,"column":28}}],"line":72}},"s":{"0":0,"1":0,"2":0,"3":0,"4":0,"5":0,"6":0,"7":0,"8":0,"9":0,"10":0,"11":0,"12":0,"13":0,"14":0,"15":0,"16":0,"17":0,"18":0,"19":0},"f":{"0":0,"1":0,"2":0,"3":0},"b":{"0":[0],"1":[0,0],"2":[0,0],"3":[0,0,0,0]}}
,"/Users/hole/Code/chinese_chess/react-native/ChineseChessRN/src/components/ui/GameBottomBar.tsx": {"path":"/Users/hole/Code/chinese_chess/react-native/ChineseChessRN/src/components/ui/GameBottomBar.tsx","statementMap":{"0":{"start":{"line":20,"column":52},"end":{"line":83,"column":1}},"1":{"start":{"line":25,"column":19},"end":{"line":25,"column":35}},"2":{"start":{"line":28,"column":19},"end":{"line":28,"column":63}},"3":{"start":{"line":28,"column":43},"end":{"line":28,"column":62}},"4":{"start":{"line":29,"column":18},"end":{"line":29,"column":61}},"5":{"start":{"line":29,"column":42},"end":{"line":29,"column":60}},"6":{"start":{"line":32,"column":26},"end":{"line":39,"column":3}},"7":{"start":{"line":33,"column":4},"end":{"line":38,"column":5}},"8":{"start":{"line":34,"column":6},"end":{"line":34,"column":20}},"9":{"start":{"line":37,"column":6},"end":{"line":37,"column":34}},"10":{"start":{"line":42,"column":29},"end":{"line":49,"column":3}},"11":{"start":{"line":43,"column":4},"end":{"line":48,"column":5}},"12":{"start":{"line":44,"column":6},"end":{"line":44,"column":23}},"13":{"start":{"line":47,"column":6},"end":{"line":47,"column":57}},"14":{"start":{"line":52,"column":26},"end":{"line":59,"column":3}},"15":{"start":{"line":53,"column":4},"end":{"line":58,"column":5}},"16":{"start":{"line":54,"column":6},"end":{"line":54,"column":20}},"17":{"start":{"line":57,"column":6},"end":{"line":57,"column":34}},"18":{"start":{"line":61,"column":2},"end":{"line":82,"column":4}},"19":{"start":{"line":85,"column":15},"end":{"line":111,"column":2}}},"fnMap":{"0":{"name":"(anonymous_0)","decl":{"start":{"line":20,"column":52},"end":{"line":20,"column":53}},"loc":{"start":{"line":24,"column":6},"end":{"line":83,"column":1}},"line":24},"1":{"name":"(anonymous_1)","decl":{"start":{"line":28,"column":34},"end":{"line":28,"column":35}},"loc":{"start":{"line":28,"column":43},"end":{"line":28,"column":62}},"line":28},"2":{"name":"(anonymous_2)","decl":{"start":{"line":29,"column":33},"end":{"line":29,"column":34}},"loc":{"start":{"line":29,"column":42},"end":{"line":29,"column":60}},"line":29},"3":{"name":"(anonymous_3)","decl":{"start":{"line":32,"column":26},"end":{"line":32,"column":27}},"loc":{"start":{"line":32,"column":32},"end":{"line":39,"column":3}},"line":32},"4":{"name":"(anonymous_4)","decl":{"start":{"line":42,"column":29},"end":{"line":42,"column":30}},"loc":{"start":{"line":42,"column":35},"end":{"line":49,"column":3}},"line":42},"5":{"name":"(anonymous_5)","decl":{"start":{"line":52,"column":26},"end":{"line":52,"column":27}},"loc":{"start":{"line":52,"column":32},"end":{"line":59,"column":3}},"line":52}},"branchMap":{"0":{"loc":{"start":{"line":33,"column":4},"end":{"line":38,"column":5}},"type":"if","locations":[{"start":{"line":33,"column":4},"end":{"line":38,"column":5}},{"start":{"line":35,"column":11},"end":{"line":38,"column":5}}],"line":33},"1":{"loc":{"start":{"line":43,"column":4},"end":{"line":48,"column":5}},"type":"if","locations":[{"start":{"line":43,"column":4},"end":{"line":48,"column":5}},{"start":{"line":45,"column":11},"end":{"line":48,"column":5}}],"line":43},"2":{"loc":{"start":{"line":47,"column":36},"end":{"line":47,"column":52}},"type":"binary-expr","locations":[{"start":{"line":47,"column":36},"end":{"line":47,"column":44}},{"start":{"line":47,"column":48},"end":{"line":47,"column":52}}],"line":47},"3":{"loc":{"start":{"line":53,"column":4},"end":{"line":58,"column":5}},"type":"if","locations":[{"start":{"line":53,"column":4},"end":{"line":58,"column":5}},{"start":{"line":55,"column":11},"end":{"line":58,"column":5}}],"line":53},"4":{"loc":{"start":{"line":64,"column":31},"end":{"line":64,"column":76}},"type":"binary-expr","locations":[{"start":{"line":64,"column":31},"end":{"line":64,"column":51}},{"start":{"line":64,"column":55},"end":{"line":64,"column":76}}],"line":64},"5":{"loc":{"start":{"line":68,"column":43},"end":{"line":68,"column":81}},"type":"cond-expr","locations":[{"start":{"line":68,"column":66},"end":{"line":68,"column":72}},{"start":{"line":68,"column":75},"end":{"line":68,"column":81}}],"line":68},"6":{"loc":{"start":{"line":69,"column":41},"end":{"line":69,"column":84}},"type":"binary-expr","locations":[{"start":{"line":69,"column":41},"end":{"line":69,"column":61}},{"start":{"line":69,"column":65},"end":{"line":69,"column":84}}],"line":69}},"s":{"0":0,"1":0,"2":0,"3":0,"4":0,"5":0,"6":0,"7":0,"8":0,"9":0,"10":0,"11":0,"12":0,"13":0,"14":0,"15":0,"16":0,"17":0,"18":0,"19":0},"f":{"0":0,"1":0,"2":0,"3":0,"4":0,"5":0},"b":{"0":[0,0],"1":[0,0],"2":[0,0],"3":[0,0],"4":[0,0],"5":[0,0],"6":[0,0]}}
,"/Users/hole/Code/chinese_chess/react-native/ChineseChessRN/src/components/ui/GameHeader.tsx": {"path":"/Users/hole/Code/chinese_chess/react-native/ChineseChessRN/src/components/ui/GameHeader.tsx","statementMap":{"0":{"start":{"line":19,"column":46},"end":{"line":70,"column":1}},"1":{"start":{"line":23,"column":21},"end":{"line":23,"column":36}},"2":{"start":{"line":26,"column":19},"end":{"line":26,"column":63}},"3":{"start":{"line":26,"column":43},"end":{"line":26,"column":62}},"4":{"start":{"line":27,"column":24},"end":{"line":27,"column":73}},"5":{"start":{"line":27,"column":48},"end":{"line":27,"column":72}},"6":{"start":{"line":30,"column":26},"end":{"line":36,"column":3}},"7":{"start":{"line":31,"column":4},"end":{"line":35,"column":5}},"8":{"start":{"line":32,"column":6},"end":{"line":32,"column":20}},"9":{"start":{"line":34,"column":6},"end":{"line":34,"column":26}},"10":{"start":{"line":39,"column":30},"end":{"line":45,"column":3}},"11":{"start":{"line":40,"column":4},"end":{"line":44,"column":5}},"12":{"start":{"line":41,"column":6},"end":{"line":41,"column":24}},"13":{"start":{"line":43,"column":6},"end":{"line":43,"column":47}},"14":{"start":{"line":47,"column":2},"end":{"line":69,"column":4}},"15":{"start":{"line":72,"column":15},"end":{"line":102,"column":2}}},"fnMap":{"0":{"name":"(anonymous_0)","decl":{"start":{"line":19,"column":46},"end":{"line":19,"column":47}},"loc":{"start":{"line":22,"column":6},"end":{"line":70,"column":1}},"line":22},"1":{"name":"(anonymous_1)","decl":{"start":{"line":26,"column":34},"end":{"line":26,"column":35}},"loc":{"start":{"line":26,"column":43},"end":{"line":26,"column":62}},"line":26},"2":{"name":"(anonymous_2)","decl":{"start":{"line":27,"column":39},"end":{"line":27,"column":40}},"loc":{"start":{"line":27,"column":48},"end":{"line":27,"column":72}},"line":27},"3":{"name":"(anonymous_3)","decl":{"start":{"line":30,"column":26},"end":{"line":30,"column":27}},"loc":{"start":{"line":30,"column":32},"end":{"line":36,"column":3}},"line":30},"4":{"name":"(anonymous_4)","decl":{"start":{"line":39,"column":30},"end":{"line":39,"column":31}},"loc":{"start":{"line":39,"column":36},"end":{"line":45,"column":3}},"line":39}},"branchMap":{"0":{"loc":{"start":{"line":31,"column":4},"end":{"line":35,"column":5}},"type":"if","locations":[{"start":{"line":31,"column":4},"end":{"line":35,"column":5}},{"start":{"line":33,"column":11},"end":{"line":35,"column":5}}],"line":31},"1":{"loc":{"start":{"line":40,"column":4},"end":{"line":44,"column":5}},"type":"if","locations":[{"start":{"line":40,"column":4},"end":{"line":44,"column":5}},{"start":{"line":42,"column":11},"end":{"line":44,"column":5}}],"line":40},"2":{"loc":{"start":{"line":55,"column":11},"end":{"line":55,"column":72}},"type":"cond-expr","locations":[{"start":{"line":55,"column":22},"end":{"line":55,"column":54}},{"start":{"line":55,"column":57},"end":{"line":55,"column":72}}],"line":55},"3":{"loc":{"start":{"line":59,"column":19},"end":{"line":59,"column":63}},"type":"cond-expr","locations":[{"start":{"line":59,"column":45},"end":{"line":59,"column":54}},{"start":{"line":59,"column":57},"end":{"line":59,"column":63}}],"line":59},"4":{"loc":{"start":{"line":61,"column":11},"end":{"line":61,"column":52}},"type":"cond-expr","locations":[{"start":{"line":61,"column":37},"end":{"line":61,"column":42}},{"start":{"line":61,"column":45},"end":{"line":61,"column":52}}],"line":61}},"s":{"0":0,"1":0,"2":0,"3":0,"4":0,"5":0,"6":0,"7":0,"8":0,"9":0,"10":0,"11":0,"12":0,"13":0,"14":0,"15":0},"f":{"0":0,"1":0,"2":0,"3":0,"4":0},"b":{"0":[0,0],"1":[0,0],"2":[0,0],"3":[0,0],"4":[0,0]}}
,"/Users/hole/Code/chinese_chess/react-native/ChineseChessRN/src/components/ui/GameOptionsModal.tsx": {"path":"/Users/hole/Code/chinese_chess/react-native/ChineseChessRN/src/components/ui/GameOptionsModal.tsx","statementMap":{"0":{"start":{"line":22,"column":58},"end":{"line":105,"column":1}},"1":{"start":{"line":27,"column":21},"end":{"line":27,"column":36}},"2":{"start":{"line":28,"column":19},"end":{"line":28,"column":35}},"3":{"start":{"line":31,"column":50},"end":{"line":31,"column":65}},"4":{"start":{"line":34,"column":24},"end":{"line":37,"column":3}},"5":{"start":{"line":35,"column":4},"end":{"line":35,"column":75}},"6":{"start":{"line":36,"column":4},"end":{"line":36,"column":14}},"7":{"start":{"line":40,"column":25},"end":{"line":43,"column":3}},"8":{"start":{"line":41,"column":4},"end":{"line":41,"column":14}},"9":{"start":{"line":42,"column":4},"end":{"line":42,"column":41}},"10":{"start":{"line":46,"column":29},"end":{"line":49,"column":3}},"11":{"start":{"line":47,"column":4},"end":{"line":47,"column":14}},"12":{"start":{"line":48,"column":4},"end":{"line":48,"column":45}},"13":{"start":{"line":52,"column":35},"end":{"line":54,"column":3}},"14":{"start":{"line":53,"column":4},"end":{"line":53,"column":43}},"15":{"start":{"line":56,"column":2},"end":{"line":104,"column":4}},"16":{"start":{"line":107,"column":15},"end":{"line":163,"column":2}}},"fnMap":{"0":{"name":"(anonymous_0)","decl":{"start":{"line":22,"column":58},"end":{"line":22,"column":59}},"loc":{"start":{"line":26,"column":6},"end":{"line":105,"column":1}},"line":26},"1":{"name":"(anonymous_1)","decl":{"start":{"line":34,"column":24},"end":{"line":34,"column":25}},"loc":{"start":{"line":34,"column":30},"end":{"line":37,"column":3}},"line":34},"2":{"name":"(anonymous_2)","decl":{"start":{"line":40,"column":25},"end":{"line":40,"column":26}},"loc":{"start":{"line":40,"column":31},"end":{"line":43,"column":3}},"line":40},"3":{"name":"(anonymous_3)","decl":{"start":{"line":46,"column":29},"end":{"line":46,"column":30}},"loc":{"start":{"line":46,"column":35},"end":{"line":49,"column":3}},"line":46},"4":{"name":"(anonymous_4)","decl":{"start":{"line":52,"column":35},"end":{"line":52,"column":36}},"loc":{"start":{"line":52,"column":41},"end":{"line":54,"column":3}},"line":52}},"branchMap":{"0":{"loc":{"start":{"line":89,"column":15},"end":{"line":94,"column":15}},"type":"binary-expr","locations":[{"start":{"line":89,"column":15},"end":{"line":89,"column":31}},{"start":{"line":90,"column":16},"end":{"line":93,"column":23}}],"line":89}},"s":{"0":0,"1":0,"2":0,"3":0,"4":0,"5":0,"6":0,"7":0,"8":0,"9":0,"10":0,"11":0,"12":0,"13":0,"14":0,"15":0,"16":0},"f":{"0":0,"1":0,"2":0,"3":0,"4":0},"b":{"0":[0,0]}}
,"/Users/hole/Code/chinese_chess/react-native/ChineseChessRN/src/components/ui/GameStatus.tsx": {"path":"/Users/hole/Code/chinese_chess/react-native/ChineseChessRN/src/components/ui/GameStatus.tsx","statementMap":{"0":{"start":{"line":17,"column":46},"end":{"line":53,"column":1}},"1":{"start":{"line":22,"column":24},"end":{"line":22,"column":73}},"2":{"start":{"line":22,"column":48},"end":{"line":22,"column":72}},"3":{"start":{"line":23,"column":18},"end":{"line":23,"column":61}},"4":{"start":{"line":23,"column":42},"end":{"line":23,"column":60}},"5":{"start":{"line":24,"column":19},"end":{"line":24,"column":74}},"6":{"start":{"line":27,"column":2},"end":{"line":29,"column":3}},"7":{"start":{"line":28,"column":4},"end":{"line":28,"column":16}},"8":{"start":{"line":31,"column":2},"end":{"line":52,"column":4}},"9":{"start":{"line":55,"column":15},"end":{"line":79,"column":2}}},"fnMap":{"0":{"name":"(anonymous_0)","decl":{"start":{"line":17,"column":46},"end":{"line":17,"column":47}},"loc":{"start":{"line":20,"column":6},"end":{"line":53,"column":1}},"line":20},"1":{"name":"(anonymous_1)","decl":{"start":{"line":22,"column":39},"end":{"line":22,"column":40}},"loc":{"start":{"line":22,"column":48},"end":{"line":22,"column":72}},"line":22},"2":{"name":"(anonymous_2)","decl":{"start":{"line":23,"column":33},"end":{"line":23,"column":34}},"loc":{"start":{"line":23,"column":42},"end":{"line":23,"column":60}},"line":23}},"branchMap":{"0":{"loc":{"start":{"line":24,"column":19},"end":{"line":24,"column":74}},"type":"cond-expr","locations":[{"start":{"line":24,"column":40},"end":{"line":24,"column":67}},{"start":{"line":24,"column":70},"end":{"line":24,"column":74}}],"line":24},"1":{"loc":{"start":{"line":27,"column":2},"end":{"line":29,"column":3}},"type":"if","locations":[{"start":{"line":27,"column":2},"end":{"line":29,"column":3}},{"start":{},"end":{}}],"line":27},"2":{"loc":{"start":{"line":27,"column":6},"end":{"line":27,"column":43}},"type":"binary-expr","locations":[{"start":{"line":27,"column":6},"end":{"line":27,"column":14}},{"start":{"line":27,"column":18},"end":{"line":27,"column":30}},{"start":{"line":27,"column":34},"end":{"line":27,"column":43}}],"line":27},"3":{"loc":{"start":{"line":33,"column":7},"end":{"line":37,"column":7}},"type":"binary-expr","locations":[{"start":{"line":33,"column":7},"end":{"line":33,"column":18}},{"start":{"line":34,"column":8},"end":{"line":36,"column":15}}],"line":33},"4":{"loc":{"start":{"line":35,"column":22},"end":{"line":35,"column":63}},"type":"cond-expr","locations":[{"start":{"line":35,"column":48},"end":{"line":35,"column":55}},{"start":{"line":35,"column":58},"end":{"line":35,"column":63}}],"line":35},"5":{"loc":{"start":{"line":39,"column":7},"end":{"line":43,"column":7}},"type":"binary-expr","locations":[{"start":{"line":39,"column":7},"end":{"line":39,"column":14}},{"start":{"line":39,"column":18},"end":{"line":39,"column":30}},{"start":{"line":40,"column":8},"end":{"line":42,"column":15}}],"line":39},"6":{"loc":{"start":{"line":45,"column":7},"end":{"line":50,"column":7}},"type":"binary-expr","locations":[{"start":{"line":45,"column":7},"end":{"line":45,"column":15}},{"start":{"line":45,"column":19},"end":{"line":45,"column":31}},{"start":{"line":46,"column":8},"end":{"line":49,"column":15}}],"line":45},"7":{"loc":{"start":{"line":48,"column":11},"end":{"line":48,"column":74}},"type":"binary-expr","locations":[{"start":{"line":48,"column":11},"end":{"line":48,"column":33}},{"start":{"line":48,"column":37},"end":{"line":48,"column":74}}],"line":48}},"s":{"0":0,"1":0,"2":0,"3":0,"4":0,"5":0,"6":0,"7":0,"8":0,"9":0},"f":{"0":0,"1":0,"2":0},"b":{"0":[0,0],"1":[0,0],"2":[0,0,0],"3":[0,0],"4":[0,0],"5":[0,0,0],"6":[0,0,0],"7":[0,0]}}
,"/Users/hole/Code/chinese_chess/react-native/ChineseChessRN/src/components/ui/LanguageSelector.tsx": {"path":"/Users/hole/Code/chinese_chess/react-native/ChineseChessRN/src/components/ui/LanguageSelector.tsx","statementMap":{"0":{"start":{"line":18,"column":58},"end":{"line":71,"column":1}},"1":{"start":{"line":23,"column":27},"end":{"line":23,"column":75}},"2":{"start":{"line":23,"column":51},"end":{"line":23,"column":74}},"3":{"start":{"line":26,"column":32},"end":{"line":26,"column":49}},"4":{"start":{"line":29,"column":20},"end":{"line":33,"column":3}},"5":{"start":{"line":36,"column":31},"end":{"line":38,"column":3}},"6":{"start":{"line":37,"column":4},"end":{"line":37,"column":31}},"7":{"start":{"line":40,"column":2},"end":{"line":70,"column":4}},"8":{"start":{"line":48,"column":29},"end":{"line":48,"column":61}},"9":{"start":{"line":50,"column":10},"end":{"line":66,"column":12}},"10":{"start":{"line":57,"column":29},"end":{"line":57,"column":62}},"11":{"start":{"line":73,"column":15},"end":{"line":118,"column":2}}},"fnMap":{"0":{"name":"(anonymous_0)","decl":{"start":{"line":18,"column":58},"end":{"line":18,"column":59}},"loc":{"start":{"line":21,"column":6},"end":{"line":71,"column":1}},"line":21},"1":{"name":"(anonymous_1)","decl":{"start":{"line":23,"column":42},"end":{"line":23,"column":43}},"loc":{"start":{"line":23,"column":51},"end":{"line":23,"column":74}},"line":23},"2":{"name":"(anonymous_2)","decl":{"start":{"line":36,"column":31},"end":{"line":36,"column":32}},"loc":{"start":{"line":36,"column":55},"end":{"line":38,"column":3}},"line":36},"3":{"name":"(anonymous_3)","decl":{"start":{"line":47,"column":23},"end":{"line":47,"column":24}},"loc":{"start":{"line":47,"column":35},"end":{"line":67,"column":9}},"line":47},"4":{"name":"(anonymous_4)","decl":{"start":{"line":57,"column":23},"end":{"line":57,"column":24}},"loc":{"start":{"line":57,"column":29},"end":{"line":57,"column":62}},"line":57}},"branchMap":{"0":{"loc":{"start":{"line":19,"column":2},"end":{"line":19,"column":19}},"type":"default-arg","locations":[{"start":{"line":19,"column":15},"end":{"line":19,"column":19}}],"line":19},"1":{"loc":{"start":{"line":20,"column":2},"end":{"line":20,"column":18}},"type":"default-arg","locations":[{"start":{"line":20,"column":14},"end":{"line":20,"column":18}}],"line":20},"2":{"loc":{"start":{"line":41,"column":36},"end":{"line":41,"column":84}},"type":"cond-expr","locations":[{"start":{"line":41,"column":49},"end":{"line":41,"column":66}},{"start":{"line":41,"column":69},"end":{"line":41,"column":84}}],"line":41},"3":{"loc":{"start":{"line":42,"column":7},"end":{"line":44,"column":7}},"type":"binary-expr","locations":[{"start":{"line":42,"column":7},"end":{"line":42,"column":16}},{"start":{"line":43,"column":8},"end":{"line":43,"column":66}}],"line":42},"4":{"loc":{"start":{"line":46,"column":19},"end":{"line":46,"column":72}},"type":"cond-expr","locations":[{"start":{"line":46,"column":32},"end":{"line":46,"column":49}},{"start":{"line":46,"column":52},"end":{"line":46,"column":72}}],"line":46},"5":{"loc":{"start":{"line":55,"column":16},"end":{"line":55,"column":51}},"type":"binary-expr","locations":[{"start":{"line":55,"column":16},"end":{"line":55,"column":26}},{"start":{"line":55,"column":30},"end":{"line":55,"column":51}}],"line":55},"6":{"loc":{"start":{"line":61,"column":16},"end":{"line":61,"column":55}},"type":"binary-expr","locations":[{"start":{"line":61,"column":16},"end":{"line":61,"column":26}},{"start":{"line":61,"column":30},"end":{"line":61,"column":55}}],"line":61}},"s":{"0":0,"1":0,"2":0,"3":0,"4":0,"5":0,"6":0,"7":0,"8":0,"9":0,"10":0,"11":0},"f":{"0":0,"1":0,"2":0,"3":0,"4":0},"b":{"0":[0],"1":[0],"2":[0,0],"3":[0,0],"4":[0,0],"5":[0,0],"6":[0,0]}}
,"/Users/hole/Code/chinese_chess/react-native/ChineseChessRN/src/components/ui/PlayerInfo.tsx": {"path":"/Users/hole/Code/chinese_chess/react-native/ChineseChessRN/src/components/ui/PlayerInfo.tsx","statementMap":{"0":{"start":{"line":20,"column":46},"end":{"line":76,"column":1}},"1":{"start":{"line":29,"column":21},"end":{"line":33,"column":3}},"2":{"start":{"line":30,"column":20},"end":{"line":30,"column":44}},"3":{"start":{"line":31,"column":29},"end":{"line":31,"column":41}},"4":{"start":{"line":32,"column":4},"end":{"line":32,"column":79}},"5":{"start":{"line":35,"column":2},"end":{"line":75,"column":4}},"6":{"start":{"line":78,"column":15},"end":{"line":143,"column":2}}},"fnMap":{"0":{"name":"(anonymous_0)","decl":{"start":{"line":20,"column":46},"end":{"line":20,"column":47}},"loc":{"start":{"line":27,"column":6},"end":{"line":76,"column":1}},"line":27},"1":{"name":"(anonymous_1)","decl":{"start":{"line":29,"column":21},"end":{"line":29,"column":22}},"loc":{"start":{"line":29,"column":42},"end":{"line":33,"column":3}},"line":29}},"branchMap":{"0":{"loc":{"start":{"line":24,"column":2},"end":{"line":24,"column":21}},"type":"default-arg","locations":[{"start":{"line":24,"column":19},"end":{"line":24,"column":21}}],"line":24},"1":{"loc":{"start":{"line":32,"column":25},"end":{"line":32,"column":57}},"type":"cond-expr","locations":[{"start":{"line":32,"column":49},"end":{"line":32,"column":52}},{"start":{"line":32,"column":55},"end":{"line":32,"column":57}}],"line":32},"2":{"loc":{"start":{"line":38,"column":6},"end":{"line":38,"column":47}},"type":"binary-expr","locations":[{"start":{"line":38,"column":6},"end":{"line":38,"column":21}},{"start":{"line":38,"column":25},"end":{"line":38,"column":47}}],"line":38},"3":{"loc":{"start":{"line":39,"column":6},"end":{"line":39,"column":67}},"type":"cond-expr","locations":[{"start":{"line":39,"column":24},"end":{"line":39,"column":43}},{"start":{"line":39,"column":46},"end":{"line":39,"column":67}}],"line":39},"4":{"loc":{"start":{"line":42,"column":9},"end":{"line":49,"column":9}},"type":"cond-expr","locations":[{"start":{"line":43,"column":10},"end":{"line":43,"column":66}},{"start":{"line":45,"column":10},"end":{"line":48,"column":15}}],"line":42},"5":{"loc":{"start":{"line":47,"column":12},"end":{"line":47,"column":73}},"type":"cond-expr","locations":[{"start":{"line":47,"column":30},"end":{"line":47,"column":49}},{"start":{"line":47,"column":52},"end":{"line":47,"column":73}}],"line":47},"6":{"loc":{"start":{"line":54,"column":12},"end":{"line":54,"column":48}},"type":"binary-expr","locations":[{"start":{"line":54,"column":12},"end":{"line":54,"column":27}},{"start":{"line":54,"column":31},"end":{"line":54,"column":48}}],"line":54},"7":{"loc":{"start":{"line":59,"column":11},"end":{"line":63,"column":11}},"type":"binary-expr","locations":[{"start":{"line":59,"column":11},"end":{"line":59,"column":33}},{"start":{"line":60,"column":12},"end":{"line":62,"column":19}}],"line":59},"8":{"loc":{"start":{"line":67,"column":7},"end":{"line":73,"column":7}},"type":"binary-expr","locations":[{"start":{"line":67,"column":7},"end":{"line":67,"column":32}},{"start":{"line":68,"column":8},"end":{"line":72,"column":15}}],"line":67}},"s":{"0":0,"1":0,"2":0,"3":0,"4":0,"5":0,"6":0},"f":{"0":0,"1":0},"b":{"0":[0],"1":[0,0],"2":[0,0],"3":[0,0],"4":[0,0],"5":[0,0],"6":[0,0],"7":[0,0],"8":[0,0]}}
[...]
/Code/chinese_chess/react-native/ChineseChessRN/src/store/slices/authSlice.ts","statementMap":{"0":{"start":{"line":30,"column":32},"end":{"line":34,"column":1}},"1":{"start":{"line":39,"column":18},"end":{"line":65,"column":2}},"2":{"start":{"line":44,"column":6},"end":{"line":44,"column":34}},"3":{"start":{"line":45,"column":6},"end":{"line":45,"column":25}},"4":{"start":{"line":48,"column":6},"end":{"line":48,"column":39}},"5":{"start":{"line":51,"column":6},"end":{"line":51,"column":35}},"6":{"start":{"line":52,"column":6},"end":{"line":52,"column":30}},"7":{"start":{"line":55,"column":6},"end":{"line":57,"column":7}},"8":{"start":{"line":56,"column":8},"end":{"line":56,"column":58}},"9":{"start":{"line":60,"column":6},"end":{"line":60,"column":24}},"10":{"start":{"line":61,"column":6},"end":{"line":61,"column":25}},"11":{"start":{"line":62,"column":6},"end":{"line":62,"column":30}},"12":{"start":{"line":67,"column":74},"end":{"line":67,"column":91}}},"fnMap":{"0":{"name":"(anonymous_0)","decl":{"start":{"line":43,"column":13},"end":{"line":43,"column":14}},"loc":{"start":{"line":43,"column":60},"end":{"line":46,"column":5}},"line":43},"1":{"name":"(anonymous_1)","decl":{"start":{"line":47,"column":16},"end":{"line":47,"column":17}},"loc":{"start":{"line":47,"column":59},"end":{"line":49,"column":5}},"line":47},"2":{"name":"(anonymous_2)","decl":{"start":{"line":50,"column":14},"end":{"line":50,"column":15}},"loc":{"start":{"line":50,"column":63},"end":{"line":53,"column":5}},"line":50},"3":{"name":"(anonymous_3)","decl":{"start":{"line":54,"column":21},"end":{"line":54,"column":22}},"loc":{"start":{"line":54,"column":70},"end":{"line":58,"column":5}},"line":54},"4":{"name":"(anonymous_4)","decl":{"start":{"line":59,"column":12},"end":{"line":59,"column":13}},"loc":{"start":{"line":59,"column":23},"end":{"line":63,"column":5}},"line":59}},"branchMap":{"0":{"loc":{"start":{"line":55,"column":6},"end":{"line":57,"column":7}},"type":"if","locations":[{"start":{"line":55,"column":6},"end":{"line":57,"column":7}},{"start":{},"end":{}}],"line":55}},"s":{"0":0,"1":0,"2":0,"3":0,"4":0,"5":0,"6":0,"7":0,"8":0,"9":0,"10":0,"11":0,"12":0},"f":{"0":0,"1":0,"2":0,"3":0,"4":0},"b":{"0":[0,0]}}
,"/Users/hole/Code/chinese_chess/react-native/ChineseChessRN/src/store/slices/gameSlice.ts": {"path":"/Users/hole/Code/chinese_chess/react-native/ChineseChessRN/src/store/slices/gameSlice.ts","statementMap":{"0":{"start":{"line":68,"column":32},"end":{"line":103,"column":1}},"1":{"start":{"line":108,"column":18},"end":{"line":217,"column":2}},"2":{"start":{"line":113,"column":6},"end":{"line":113,"column":38}},"3":{"start":{"line":116,"column":6},"end":{"line":116,"column":36}},"4":{"start":{"line":119,"column":6},"end":{"line":119,"column":43}},"5":{"start":{"line":122,"column":6},"end":{"line":122,"column":43}},"6":{"start":{"line":125,"column":6},"end":{"line":125,"column":43}},"7":{"start":{"line":128,"column":6},"end":{"line":128,"column":42}},"8":{"start":{"line":131,"column":6},"end":{"line":131,"column":38}},"9":{"start":{"line":134,"column":6},"end":{"line":134,"column":34}},"10":{"start":{"line":137,"column":6},"end":{"line":137,"column":35}},"11":{"start":{"line":140,"column":6},"end":{"line":140,"column":39}},"12":{"start":{"line":143,"column":6},"end":{"line":143,"column":41}},"13":{"start":{"line":147,"column":6},"end":{"line":147,"column":42}},"14":{"start":{"line":150,"column":6},"end":{"line":150,"column":48}},"15":{"start":{"line":153,"column":6},"end":{"line":153,"column":46}},"16":{"start":{"line":156,"column":6},"end":{"line":156,"column":40}},"17":{"start":{"line":157,"column":6},"end":{"line":157,"column":33}},"18":{"start":{"line":160,"column":6},"end":{"line":160,"column":24}},"19":{"start":{"line":161,"column":6},"end":{"line":161,"column":33}},"20":{"start":{"line":162,"column":6},"end":{"line":162,"column":31}},"21":{"start":{"line":163,"column":6},"end":{"line":163,"column":33}},"22":{"start":{"line":164,"column":6},"end":{"line":164,"column":34}},"23":{"start":{"line":165,"column":6},"end":{"line":165,"column":25}},"24":{"start":{"line":166,"column":6},"end":{"line":166,"column":88}},"25":{"start":{"line":167,"column":6},"end":{"line":170,"column":8}},"26":{"start":{"line":174,"column":6},"end":{"line":174,"column":42}},"27":{"start":{"line":177,"column":6},"end":{"line":177,"column":38}},"28":{"start":{"line":180,"column":6},"end":{"line":180,"column":44}},"29":{"start":{"line":183,"column":6},"end":{"line":183,"column":43}},"30":{"start":{"line":186,"column":6},"end":{"line":186,"column":41}},"31":{"start":{"line":189,"column":6},"end":{"line":189,"column":46}},"32":{"start":{"line":192,"column":6},"end":{"line":192,"column":42}},"33":{"start":{"line":195,"column":6},"end":{"line":195,"column":39}},"34":{"start":{"line":198,"column":6},"end":{"line":198,"column":35}},"35":{"start":{"line":202,"column":6},"end":{"line":202,"column":40}},"36":{"start":{"line":205,"column":6},"end":{"line":205,"column":41}},"37":{"start":{"line":208,"column":6},"end":{"line":208,"column":46}},"38":{"start":{"line":211,"column":6},"end":{"line":211,"column":42}},"39":{"start":{"line":214,"column":6},"end":{"line":214,"column":41}},"40":{"start":{"line":253,"column":4},"end":{"line":253,"column":21}}},"fnMap":{"0":{"name":"(anonymous_0)","decl":{"start":{"line":112,"column":17},"end":{"line":112,"column":18}},"loc":{"start":{"line":112,"column":61},"end":{"line":114,"column":5}},"line":112},"1":{"name":"(anonymous_1)","decl":{"start":{"line":115,"column":15},"end":{"line":115,"column":16}},"loc":{"start":{"line":115,"column":63},"end":{"line":117,"column":5}},"line":115},"2":{"name":"(anonymous_2)","decl":{"start":{"line":118,"column":22},"end":{"line":118,"column":23}},"loc":{"start":{"line":118,"column":75},"end":{"line":120,"column":5}},"line":118},"3":{"name":"(anonymous_3)","decl":{"start":{"line":121,"column":22},"end":{"line":121,"column":23}},"loc":{"start":{"line":121,"column":88},"end":{"line":123,"column":5}},"line":121},"4":{"name":"(anonymous_4)","decl":{"start":{"line":124,"column":22},"end":{"line":124,"column":23}},"loc":{"start":{"line":124,"column":73},"end":{"line":126,"column":5}},"line":124},"5":{"name":"(anonymous_5)","decl":{"start":{"line":127,"column":19},"end":{"line":127,"column":20}},"loc":{"start":{"line":127,"column":62},"end":{"line":129,"column":5}},"line":127},"6":{"name":"(anonymous_6)","decl":{"start":{"line":130,"column":15},"end":{"line":130,"column":16}},"loc":{"start":{"line":130,"column":58},"end":{"line":132,"column":5}},"line":130},"7":{"name":"(anonymous_7)","decl":{"start":{"line":133,"column":13},"end":{"line":133,"column":14}},"loc":{"start":{"line":133,"column":55},"end":{"line":135,"column":5}},"line":133},"8":{"name":"(anonymous_8)","decl":{"start":{"line":136,"column":14},"end":{"line":136,"column":15}},"loc":{"start":{"line":136,"column":56},"end":{"line":138,"column":5}},"line":136},"9":{"name":"(anonymous_9)","decl":{"start":{"line":139,"column":18},"end":{"line":139,"column":19}},"loc":{"start":{"line":139,"column":60},"end":{"line":141,"column":5}},"line":139},"10":{"name":"(anonymous_10)","decl":{"start":{"line":142,"column":18},"end":{"line":142,"column":19}},"loc":{"start":{"line":142,"column":57},"end":{"line":144,"column":5}},"line":142},"11":{"name":"(anonymous_11)","decl":{"start":{"line":146,"column":21},"end":{"line":146,"column":22}},"loc":{"start":{"line":146,"column":64},"end":{"line":148,"column":5}},"line":146},"12":{"name":"(anonymous_12)","decl":{"start":{"line":149,"column":20},"end":{"line":149,"column":21}},"loc":{"start":{"line":149,"column":62},"end":{"line":151,"column":5}},"line":149},"13":{"name":"(anonymous_13)","decl":{"start":{"line":152,"column":22},"end":{"line":152,"column":23}},"loc":{"start":{"line":152,"column":64},"end":{"line":154,"column":5}},"line":152},"14":{"name":"(anonymous_14)","decl":{"start":{"line":155,"column":19},"end":{"line":155,"column":20}},"loc":{"start":{"line":155,"column":65},"end":{"line":158,"column":5}},"line":155},"15":{"name":"(anonymous_15)","decl":{"start":{"line":159,"column":15},"end":{"line":159,"column":16}},"loc":{"start":{"line":159,"column":26},"end":{"line":171,"column":5}},"line":159},"16":{"name":"(anonymous_16)","decl":{"start":{"line":173,"column":21},"end":{"line":173,"column":22}},"loc":{"start":{"line":173,"column":70},"end":{"line":175,"column":5}},"line":173},"17":{"name":"(anonymous_17)","decl":{"start":{"line":176,"column":17},"end":{"line":176,"column":18}},"loc":{"start":{"line":176,"column":64},"end":{"line":178,"column":5}},"line":176},"18":{"name":"(anonymous_18)","decl":{"start":{"line":179,"column":23},"end":{"line":179,"column":24}},"loc":{"start":{"line":179,"column":71},"end":{"line":181,"column":5}},"line":179},"19":{"name":"(anonymous_19)","decl":{"start":{"line":182,"column":22},"end":{"line":182,"column":23}},"loc":{"start":{"line":182,"column":65},"end":{"line":184,"column":5}},"line":182},"20":{"name":"(anonymous_20)","decl":{"start":{"line":185,"column":20},"end":{"line":185,"column":21}},"loc":{"start":{"line":185,"column":68},"end":{"line":187,"column":5}},"line":185},"21":{"name":"(anonymous_21)","decl":{"start":{"line":188,"column":20},"end":{"line":188,"column":21}},"loc":{"start":{"line":188,"column":67},"end":{"line":190,"column":5}},"line":188},"22":{"name":"(anonymous_22)","decl":{"start":{"line":191,"column":21},"end":{"line":191,"column":22}},"loc":{"start":{"line":191,"column":70},"end":{"line":193,"column":5}},"line":191},"23":{"name":"(anonymous_23)","decl":{"start":{"line":194,"column":16},"end":{"line":194,"column":17}},"loc":{"start":{"line":194,"column":59},"end":{"line":196,"column":5}},"line":194},"24":{"name":"(anonymous_24)","decl":{"start":{"line":197,"column":14},"end":{"line":197,"column":15}},"loc":{"start":{"line":197,"column":63},"end":{"line":199,"column":5}},"line":197},"25":{"name":"(anonymous_25)","decl":{"start":{"line":201,"column":19},"end":{"line":201,"column":20}},"loc":{"start":{"line":201,"column":73},"end":{"line":203,"column":5}},"line":201},"26":{"name":"(anonymous_26)","decl":{"start":{"line":204,"column":20},"end":{"line":204,"column":21}},"loc":{"start":{"line":204,"column":79},"end":{"line":206,"column":5}},"line":204},"27":{"name":"(anonymous_27)","decl":{"start":{"line":207,"column":25},"end":{"line":207,"column":26}},"loc":{"start":{"line":207,"column":67},"end":{"line":209,"column":5}},"line":207},"28":{"name":"(anonymous_28)","decl":{"start":{"line":210,"column":19},"end":{"line":210,"column":20}},"loc":{"start":{"line":210,"column":62},"end":{"line":212,"column":5}},"line":210},"29":{"name":"(anonymous_29)","decl":{"start":{"line":213,"column":20},"end":{"line":213,"column":21}},"loc":{"start":{"line":213,"column":62},"end":{"line":215,"column":5}},"line":213}},"branchMap":{},"s":{"0":0,"1":0,"2":0,"3":0,"4":0,"5":0,"6":0,"7":0,"8":0,"9":0,"10":0,"11":0,"12":0,"13":0,"14":0,"15":0,"16":0,"17":0,"18":0,"19":0,"20":0,"21":0,"22":0,"23":0,"24":0,"25":0,"26":0,"27":0,"28":0,"29":0,"30":0,"31":0,"32":0,"33":0,"34":0,"35":0,"36":0,"37":0,"38":0,"39":0,"40":0},"f":{"0":0,"1":0,"2":0,"3":0,"4":0,"5":0,"6":0,"7":0,"8":0,"9":0,"10":0,"11":0,"12":0,"13":0,"14":0,"15":0,"16":0,"17":0,"18":0,"19":0,"20":0,"21":0,"22":0,"23":0,"24":0,"25":0,"26":0,"27":0,"28":0,"29":0},"b":{}}
,"/Users/hole/Code/chinese_chess/react-native/ChineseChessRN/src/store/slices/ratingSlice.ts": {"path":"/Users/hole/Code/chinese_chess/react-native/ChineseChessRN/src/store/slices/ratingSlice.ts","statementMap":{"0":{"start":{"line":19,"column":34},"end":{"line":26,"column":1}},"1":{"start":{"line":31,"column":20},"end":{"line":77,"column":2}},"2":{"start":{"line":36,"column":6},"end":{"line":36,"column":42}},"3":{"start":{"line":39,"column":6},"end":{"line":39,"column":41}},"4":{"start":{"line":42,"column":6},"end":{"line":42,"column":43}},"5":{"start":{"line":45,"column":6},"end":{"line":45,"column":40}},"6":{"start":{"line":54,"column":6},"end":{"line":59,"column":7}},"7":{"start":{"line":55,"column":8},"end":{"line":58,"column":10}},"8":{"start":{"line":62,"column":6},"end":{"line":62,"column":39}},"9":{"start":{"line":65,"column":6},"end":{"line":65,"column":35}},"10":{"start":{"line":66,"column":6},"end":{"line":66,"column":30}},"11":{"start":{"line":69,"column":6},"end":{"line":69,"column":32}},"12":{"start":{"line":70,"column":6},"end":{"line":70,"column":29}},"13":{"start":{"line":71,"column":6},"end":{"line":71,"column":31}},"14":{"start":{"line":72,"column":6},"end":{"line":72,"column":27}},"15":{"start":{"line":73,"column":6},"end":{"line":73,"column":25}},"16":{"start":{"line":74,"column":6},"end":{"line":74,"column":30}},"17":{"start":{"line":88,"column":4},"end":{"line":88,"column":23}}},"fnMap":{"0":{"name":"(anonymous_0)","decl":{"start":{"line":35,"column":21},"end":{"line":35,"column":22}},"loc":{"start":{"line":35,"column":69},"end":{"line":37,"column":5}},"line":35},"1":{"name":"(anonymous_1)","decl":{"start":{"line":38,"column":20},"end":{"line":38,"column":21}},"loc":{"start":{"line":38,"column":74},"end":{"line":40,"column":5}},"line":38},"2":{"name":"(anonymous_2)","decl":{"start":{"line":41,"column":22},"end":{"line":41,"column":23}},"loc":{"start":{"line":41,"column":87},"end":{"line":43,"column":5}},"line":41},"3":{"name":"(anonymous_3)","decl":{"start":{"line":44,"column":19},"end":{"line":44,"column":20}},"loc":{"start":{"line":44,"column":61},"end":{"line":46,"column":5}},"line":44},"4":{"name":"(anonymous_4)","decl":{"start":{"line":47,"column":21},"end":{"line":47,"column":22}},"loc":{"start":{"line":53,"column":11},"end":{"line":60,"column":5}},"line":53},"5":{"name":"(anonymous_5)","decl":{"start":{"line":61,"column":16},"end":{"line":61,"column":17}},"loc":{"start":{"line":61,"column":59},"end":{"line":63,"column":5}},"line":61},"6":{"name":"(anonymous_6)","decl":{"start":{"line":64,"column":14},"end":{"line":64,"column":15}},"loc":{"start":{"line":64,"column":63},"end":{"line":67,"column":5}},"line":64},"7":{"name":"(anonymous_7)","decl":{"start":{"line":68,"column":17},"end":{"line":68,"column":18}},"loc":{"start":{"line":68,"column":28},"end":{"line":75,"column":5}},"line":68}},"branchMap":{"0":{"loc":{"start":{"line":54,"column":6},"end":{"line":59,"column":7}},"type":"if","locations":[{"start":{"line":54,"column":6},"end":{"line":59,"column":7}},{"start":{},"end":{}}],"line":54}},"s":{"0":0,"1":0,"2":0,"3":0,"4":0,"5":0,"6":0,"7":0,"8":0,"9":0,"10":0,"11":0,"12":0,"13":0,"14":0,"15":0,"16":0,"17":0},"f":{"0":0,"1":0,"2":0,"3":0,"4":0,"5":0,"6":0,"7":0},"b":{"0":[0,0]}}
,"/Users/hole/Code/chinese_chess/react-native/ChineseChessRN/src/store/slices/settingsSlice.ts": {"path":"/Users/hole/Code/chinese_chess/react-native/ChineseChessRN/src/store/slices/settingsSlice.ts","statementMap":{"0":{"start":{"line":23,"column":36},"end":{"line":30,"column":1}},"1":{"start":{"line":35,"column":22},"end":{"line":66,"column":2}},"2":{"start":{"line":40,"column":6},"end":{"line":40,"column":42}},"3":{"start":{"line":43,"column":6},"end":{"line":43,"column":42}},"4":{"start":{"line":46,"column":6},"end":{"line":46,"column":50}},"5":{"start":{"line":49,"column":6},"end":{"line":49,"column":38}},"6":{"start":{"line":52,"column":6},"end":{"line":52,"column":46}},"7":{"start":{"line":55,"column":6},"end":{"line":55,"column":42}},"8":{"start":{"line":58,"column":6},"end":{"line":58,"column":32}},"9":{"start":{"line":59,"column":6},"end":{"line":59,"column":32}},"10":{"start":{"line":60,"column":6},"end":{"line":60,"column":40}},"11":{"start":{"line":61,"column":6},"end":{"line":61,"column":33}},"12":{"start":{"line":62,"column":6},"end":{"line":62,"column":40}},"13":{"start":{"line":63,"column":6},"end":{"line":63,"column":36}},"14":{"start":{"line":76,"column":4},"end":{"line":76,"column":25}}},"fnMap":{"0":{"name":"(anonymous_0)","decl":{"start":{"line":39,"column":21},"end":{"line":39,"column":22}},"loc":{"start":{"line":39,"column":64},"end":{"line":41,"column":5}},"line":39},"1":{"name":"(anonymous_1)","decl":{"start":{"line":42,"column":21},"end":{"line":42,"column":22}},"loc":{"start":{"line":42,"column":64},"end":{"line":44,"column":5}},"line":42},"2":{"name":"(anonymous_2)","decl":{"start":{"line":45,"column":29},"end":{"line":45,"column":30}},"loc":{"start":{"line":45,"column":72},"end":{"line":47,"column":5}},"line":45},"3":{"name":"(anonymous_3)","decl":{"start":{"line":48,"column":17},"end":{"line":48,"column":18}},"loc":{"start":{"line":48,"column":89},"end":{"line":50,"column":5}},"line":48},"4":{"name":"(anonymous_4)","decl":{"start":{"line":51,"column":25},"end":{"line":51,"column":26}},"loc":{"start":{"line":51,"column":81},"end":{"line":53,"column":5}},"line":51},"5":{"name":"(anonymous_5)","decl":{"start":{"line":54,"column":21},"end":{"line":54,"column":22}},"loc":{"start":{"line":54,"column":69},"end":{"line":56,"column":5}},"line":54},"6":{"name":"(anonymous_6)","decl":{"start":{"line":57,"column":19},"end":{"line":57,"column":20}},"loc":{"start":{"line":57,"column":30},"end":{"line":64,"column":5}},"line":57}},"branchMap":{},"s":{"0":0,"1":0,"2":0,"3":0,"4":0,"5":0,"6":0,"7":0,"8":0,"9":0,"10":0,"11":0,"12":0,"13":0,"14":0},"f":{"0":0,"1":0,"2":0,"3":0,"4":0,"5":0,"6":0},"b":{}}
,"/Users/hole/Code/chinese_chess/react-native/ChineseChessRN/src/utils/testing/test-utils.tsx": {"path":"/Users/hole/Code/chinese_chess/react-native/ChineseChessRN/src/utils/testing/test-utils.tsx","statementMap":{"0":{"start":{"line":13,"column":24},"end":{"line":31,"column":1}},"1":{"start":{"line":15,"column":16},"end":{"line":22,"column":4}},"2":{"start":{"line":18,"column":6},"end":{"line":21,"column":8}},"3":{"start":{"line":24,"column":2},"end":{"line":30,"column":4}},"4":{"start":{"line":36,"column":21},"end":{"line":39,"column":57}},"5":{"start":{"line":39,"column":5},"end":{"line":39,"column":57}},"6":{"start":{"line":44,"column":24},"end":{"line":54,"column":1}},"7":{"start":{"line":45,"column":2},"end":{"line":53,"column":5}},"8":{"start":{"line":49,"column":6},"end":{"line":52,"column":8}},"9":{"start":{"line":59,"column":24},"end":{"line":72,"column":1}},"10":{"start":{"line":63,"column":18},"end":{"line":69,"column":3}},"11":{"start":{"line":64,"column":4},"end":{"line":68,"column":15}},"12":{"start":{"line":71,"column":2},"end":{"line":71,"column":60}}},"fnMap":{"0":{"name":"(anonymous_0)","decl":{"start":{"line":13,"column":24},"end":{"line":13,"column":25}},"loc":{"start":{"line":13,"column":73},"end":{"line":31,"column":1}},"line":13},"1":{"name":"(anonymous_1)","decl":{"start":{"line":17,"column":16},"end":{"line":17,"column":17}},"loc":{"start":{"line":18,"column":6},"end":{"line":21,"column":8}},"line":18},"2":{"name":"(anonymous_2)","decl":{"start":{"line":36,"column":21},"end":{"line":36,"column":22}},"loc":{"start":{"line":39,"column":5},"end":{"line":39,"column":57}},"line":39},"3":{"name":"(anonymous_3)","decl":{"start":{"line":44,"column":24},"end":{"line":44,"column":25}},"loc":{"start":{"line":44,"column":47},"end":{"line":54,"column":1}},"line":44},"4":{"name":"(anonymous_4)","decl":{"start":{"line":48,"column":16},"end":{"line":48,"column":17}},"loc":{"start":{"line":49,"column":6},"end":{"line":52,"column":8}},"line":49},"5":{"name":"(anonymous_5)","decl":{"start":{"line":59,"column":24},"end":{"line":59,"column":25}},"loc":{"start":{"line":62,"column":5},"end":{"line":72,"column":1}},"line":62},"6":{"name":"(anonymous_6)","decl":{"start":{"line":63,"column":18},"end":{"line":63,"column":19}},"loc":{"start":{"line":64,"column":4},"end":{"line":68,"column":15}},"line":64}},"branchMap":{"0":{"loc":{"start":{"line":44,"column":25},"end":{"line":44,"column":42}},"type":"default-arg","locations":[{"start":{"line":44,"column":40},"end":{"line":44,"column":42}}],"line":44}},"s":{"0":0,"1":0,"2":0,"3":0,"4":0,"5":0,"6":0,"7":0,"8":0,"9":0,"10":0,"11":0,"12":0},"f":{"0":0,"1":0,"2":0,"3":0,"4":0,"5":0,"6":0},"b":{"0":[0]}}
}
